<!DOCTYPE html>
<html lang="en">
<head>
    <meta charset="UTF-8">
    <meta name="viewport" content="width=device-width, initial-scale=1.0">
    <title>AV Catalog Converter Test Report</title>
    <style>
        body {
            font-family: Arial, sans-serif;
            line-height: 1.6;
            color: #333;
            max-width: 1200px;
            margin: 0 auto;
            padding: 20px;
        }
        h1, h2, h3 {
            color: #2c3e50;
        }
        .summary {
            display: flex;
            justify-content: space-between;
            margin-bottom: 30px;
        }
        .summary-box {
            background-color: #f8f9fa;
            border-radius: 5px;
            padding: 15px;
            width: 30%;
            box-shadow: 0 2px 5px rgba(0,0,0,0.1);
        }
        .summary-box h3 {
            margin-top: 0;
            border-bottom: 1px solid #ddd;
            padding-bottom: 10px;
        }
        .success-rate {
            font-size: 24px;
            font-weight: bold;
        }
        .high {
            color: #27ae60;
        }
        .medium {
            color: #f39c12;
        }
        .low {
            color: #e74c3c;
        }
        table {
            width: 100%;
            border-collapse: collapse;
            margin-bottom: 30px;
        }
        th, td {
            padding: 12px 15px;
            text-align: left;
            border-bottom: 1px solid #ddd;
        }
        th {
            background-color: #f2f2f2;
            font-weight: bold;
        }
        tr:hover {
            background-color: #f5f5f5;
        }
        .passed {
            color: #27ae60;
        }
        .failed {
            color: #e74c3c;
        }
        .error {
            color: #c0392b;
        }
        .skipped {
            color: #7f8c8d;
        }
        .details {
            background-color: #f8f9fa;
            border-left: 4px solid #ddd;
            padding: 10px;
            margin-top: 5px;
            white-space: pre-wrap;
            font-family: monospace;
            font-size: 12px;
            max-height: 200px;
            overflow-y: auto;
        }
        .error-details {
            border-left-color: #e74c3c;
        }
        .timestamp {
            color: #7f8c8d;
            font-style: italic;
            margin-bottom: 20px;
        }
        .no-results {
            color: #7f8c8d;
            font-style: italic;
            padding: 20px;
            text-align: center;
            background-color: #f8f9fa;
            border-radius: 5px;
        }
    </style>
</head>
<body>
    <h1>AV Catalog Converter Test Report</h1>
    <p class="timestamp">Generated on 2025-05-14 02:49:33</p>

    <div class="summary">

        <div class="summary-box">
            <h3>Backend Tests</h3>

            <p>Total Tests: 0</p>
            <p>Passed: 0</p>
            <p>Failed: 0</p>
            <p>Errors: 0</p>
            <p>Skipped: 0</p>
            <p>Success Rate: <span class="success-rate low">0.00%</span></p>

        </div>

        <div class="summary-box">
            <h3>Frontend Tests</h3>

            <p>Total Tests: 0</p>
            <p>Passed: 0</p>
            <p>Failed: 0</p>
            <p>Errors: 0</p>
            <p>Skipped: 0</p>
            <p>Success Rate: <span class="success-rate low">0.00%</span></p>

        </div>

        <div class="summary-box">
            <h3>Integration Tests</h3>

            <p>Total Tests: 0</p>
            <p>Passed: 0</p>
            <p>Failed: 0</p>
            <p>Errors: 0</p>
            <p>Skipped: 0</p>
            <p>Success Rate: <span class="success-rate low">0.00%</span></p>

        </div>
    </div>

    <h2>Backend Test Details</h2>

    <table>
        <thead>
            <tr>
                <th>Test</th>
                <th>Class</th>
                <th>Status</th>
                <th>Time (s)</th>
            </tr>
        </thead>
        <tbody>

            <tr>
                <td>test_health_check</td>
                <td>tests.integration.test_api.TestAPI</td>
                <td class="passed">PASSED</td>
                <td>0.536</td>
            </tr>

            <tr>
                <td>test_upload_file</td>
                <td>tests.integration.test_api.TestAPI</td>
                <td class="passed">PASSED</td>
                <td>9.027</td>
            </tr>

            <tr>
                <td>test_upload_no_file</td>
                <td>tests.integration.test_api.TestAPI</td>
                <td class="passed">PASSED</td>
                <td>0.111</td>
            </tr>

            <tr>
                <td>test_analyze_file</td>
                <td>tests.integration.test_api.TestAPI</td>
                <td class="passed">PASSED</td>
                <td>6.617</td>
            </tr>

            <tr>
                <td>test_map_fields</td>
                <td>tests.integration.test_api.TestAPI</td>
                <td class="passed">PASSED</td>
                <td>0.636</td>
            </tr>

            <tr>
                <td>test_health_check_with_llm_stats</td>
                <td>tests.integration.test_api_with_optimizations.TestAPIWithOptimizations</td>
                <td class="passed">PASSED</td>
                <td>0.109</td>
            </tr>

            <tr>
                <td>test_upload_file_with_parallel_processing</td>
                <td>tests.integration.test_api_with_optimizations.TestAPIWithOptimizations</td>
                <td class="passed">PASSED</td>
                <td>0.321</td>
            </tr>

            <tr>
                <td>test_analyze_file_with_optimized_components</td>
                <td>tests.integration.test_api_with_optimizations.TestAPIWithOptimizations</td>
                <td class="passed">PASSED</td>
                <td>6.194</td>
            </tr>

            <tr>
                <td>test_map_fields_with_rate_limiting</td>
                <td>tests.integration.test_api_with_optimizations.TestAPIWithOptimizations</td>
                <td class="failed">FAILED</td>
                <td>0.007</td>
            </tr>

            <tr>
                <td colspan="4">
                    <div class="details error-details">
                        <strong>:</strong> assert 404 == 200
 +  where 404 = <WrapperTestResponse streamed [404 NOT FOUND]>.status_code
                        tests/integration/test_api_with_optimizations.py:177: in test_map_fields_with_rate_limiting
    assert response.status_code == 200
E   assert 404 == 200
E    +  where 404 = <WrapperTestResponse streamed [404 NOT FOUND]>.status_code
                    </div>
                </td>
            </tr>

            <tr>
                <td>test_process_csv_file</td>
                <td>tests.integration.test_end_to_end.TestEndToEnd</td>
                <td class="passed">PASSED</td>
                <td>6.336</td>
            </tr>

            <tr>
                <td>test_process_json_file</td>
                <td>tests.integration.test_end_to_end.TestEndToEnd</td>
                <td class="passed">PASSED</td>
                <td>66.213</td>
            </tr>

            <tr>
                <td>test_process_xml_file</td>
                <td>tests.integration.test_end_to_end.TestEndToEnd</td>
                <td class="passed">PASSED</td>
                <td>65.039</td>
            </tr>

            <tr>
                <td>test_process_nonexistent_file</td>
                <td>tests.integration.test_end_to_end.TestEndToEnd</td>
                <td class="passed">PASSED</td>
                <td>0.114</td>
            </tr>

            <tr>
                <td>test_process_invalid_file</td>
                <td>tests.integration.test_end_to_end.TestEndToEnd</td>
                <td class="passed">PASSED</td>
                <td>68.441</td>
            </tr>

            <tr>
                <td>test_csv_parser_with_parallel_processing</td>
                <td>tests.integration.test_optimized_components.TestOptimizedComponents</td>
                <td class="passed">PASSED</td>
                <td>3.366</td>
            </tr>

            <tr>
                <td>test_excel_parser_with_parallel_processing</td>
                <td>tests.integration.test_optimized_components.TestOptimizedComponents</td>
                <td class="passed">PASSED</td>
                <td>2.120</td>
            </tr>

            <tr>
                <td>test_distilbert_client_with_adaptive_cache</td>
                <td>tests.integration.test_optimized_components.TestOptimizedComponents</td>
                <td class="failed">FAILED</td>
                <td>0.332</td>
            </tr>

            <tr>
                <td colspan="4">
                    <div class="details error-details">
                        <strong>:</strong> assert 0 > 0
                        tests/integration/test_optimized_components.py:125: in test_distilbert_client_with_adaptive_cache
    assert stats['cache_hits'] > 0
E   assert 0 > 0
                    </div>
                </td>
            </tr>

            <tr>
                <td>test_distilbert_client_with_rate_limiting</td>
                <td>tests.integration.test_optimized_components.TestOptimizedComponents</td>
                <td class="failed">FAILED</td>
                <td>16.415</td>
            </tr>

            <tr>
                <td colspan="4">
                    <div class="details error-details">
                        <strong>:</strong> assert 0 > 0
                        tests/integration/test_optimized_components.py:171: in test_distilbert_client_with_rate_limiting
    assert stats['rate_limited_count'] > 0
E   assert 0 > 0
                    </div>
                </td>
            </tr>

            <tr>
                <td>test_llm_factory_with_optimized_client</td>
                <td>tests.integration.test_optimized_components.TestOptimizedComponents</td>
                <td class="failed">FAILED</td>
                <td>0.424</td>
            </tr>

            <tr>
                <td colspan="4">
                    <div class="details error-details">
                        <strong>:</strong> AssertionError: Expected 'DistilBERTClient' to have been called once. Called 0 times.
                        tests/integration/test_optimized_components.py:188: in test_llm_factory_with_optimized_client
    mock_distilbert_client.assert_called_once()
/usr/local/lib/python3.9/unittest/mock.py:886: in assert_called_once
    raise AssertionError(msg)
E   AssertionError: Expected 'DistilBERTClient' to have been called once. Called 0 times.
                    </div>
                </td>
            </tr>

            <tr>
                <td>test_parallel_processor_with_large_dataframe</td>
                <td>tests.integration.test_optimized_components.TestOptimizedComponents</td>
                <td class="failed">FAILED</td>
                <td>1.321</td>
            </tr>

            <tr>
                <td colspan="4">
                    <div class="details error-details">
                        <strong>:</strong> assert 1.287722110748291 < 0.0018591880798339844
                        tests/integration/test_optimized_components.py:232: in test_parallel_processor_with_large_dataframe
    assert parallel_time < single_time
E   assert 1.287722110748291 < 0.0018591880798339844
                    </div>
                </td>
            </tr>

            <tr>
                <td>test_end_to_end_with_all_optimizations</td>
                <td>tests.integration.test_optimized_components.TestOptimizedComponents</td>
                <td class="passed">PASSED</td>
                <td>8.114</td>
            </tr>

            <tr>
                <td>test_init</td>
                <td>tests.unit.core.file_parser.test_base_parser.TestBaseParser</td>
                <td class="passed">PASSED</td>
                <td>0.107</td>
            </tr>

            <tr>
                <td>test_parse_not_implemented</td>
                <td>tests.unit.core.file_parser.test_base_parser.TestBaseParser</td>
                <td class="passed">PASSED</td>
                <td>0.424</td>
            </tr>

            <tr>
                <td>test_get_sample</td>
                <td>tests.unit.core.file_parser.test_base_parser.TestBaseParser</td>
                <td class="passed">PASSED</td>
                <td>0.318</td>
            </tr>

            <tr>
                <td>test_clean_column_names</td>
                <td>tests.unit.core.file_parser.test_base_parser.TestBaseParser</td>
                <td class="failed">FAILED</td>
                <td>0.542</td>
            </tr>

            <tr>
                <td colspan="4">
                    <div class="details error-details">
                        <strong>:</strong> AssertionError: assert 'Duplicate_1' in Index(['Product ID', 'Product Name', 'Price', 'Column_4', 'Duplicate'], dtype='object')
 +  where Index(['Product ID', 'Product Name', 'Price', 'Column_4', 'Duplicate'], dtype='object') =    Product ID Product Name  Price  Column_4  Duplicate\n0           1            a     10         1          4\n1           2            b     20         2          5\n2           3            c     30         3          6.columns
                        tests/unit/core/file_parser/test_base_parser.py:101: in test_clean_column_names
    assert 'Duplicate_1' in result.columns
E   AssertionError: assert 'Duplicate_1' in Index(['Product ID', 'Product Name', 'Price', 'Column_4', 'Duplicate'], dtype='object')
E    +  where Index(['Product ID', 'Product Name', 'Price', 'Column_4', 'Duplicate'], dtype='object') =    Product ID Product Name  Price  Column_4  Duplicate\n0           1            a     10         1          4\n1           2            b     20         2          5\n2           3            c     30         3          6.columns
                    </div>
                </td>
            </tr>

            <tr>
                <td>test_preprocess_dataframe</td>
                <td>tests.unit.core.file_parser.test_base_parser.TestBaseParser</td>
                <td class="passed">PASSED</td>
                <td>0.952</td>
            </tr>

            <tr>
                <td>test_init</td>
                <td>tests.unit.core.file_parser.test_csv_parser.TestCSVParser</td>
                <td class="passed">PASSED</td>
                <td>0.208</td>
            </tr>

            <tr>
                <td>test_parse</td>
                <td>tests.unit.core.file_parser.test_csv_parser.TestCSVParser</td>
                <td class="passed">PASSED</td>
                <td>2.639</td>
            </tr>

            <tr>
                <td>test_detect_delimiter</td>
                <td>tests.unit.core.file_parser.test_csv_parser.TestCSVParser</td>
                <td class="passed">PASSED</td>
                <td>2.521</td>
            </tr>

            <tr>
                <td>test_detect_header</td>
                <td>tests.unit.core.file_parser.test_csv_parser.TestCSVParser</td>
                <td class="passed">PASSED</td>
                <td>2.326</td>
            </tr>

            <tr>
                <td>test_get_sample</td>
                <td>tests.unit.core.file_parser.test_csv_parser.TestCSVParser</td>
                <td class="passed">PASSED</td>
                <td>2.901</td>
            </tr>

            <tr>
                <td>test_parse_with_custom_delimiter</td>
                <td>tests.unit.core.file_parser.test_csv_parser.TestCSVParser</td>
                <td class="passed">PASSED</td>
                <td>2.268</td>
            </tr>

            <tr>
                <td>test_parse_large_file_with_parallel_processing</td>
                <td>tests.unit.core.file_parser.test_csv_parser_parallel.TestCSVParserParallel</td>
                <td class="passed">PASSED</td>
                <td>2.795</td>
            </tr>

            <tr>
                <td>test_parse_very_large_file_with_smaller_chunks</td>
                <td>tests.unit.core.file_parser.test_csv_parser_parallel.TestCSVParserParallel</td>
                <td class="passed">PASSED</td>
                <td>2.671</td>
            </tr>

            <tr>
                <td>test_parse_small_file_without_parallel_processing</td>
                <td>tests.unit.core.file_parser.test_csv_parser_parallel.TestCSVParserParallel</td>
                <td class="passed">PASSED</td>
                <td>2.813</td>
            </tr>

            <tr>
                <td>test_integration_with_real_parallel_processing</td>
                <td>tests.unit.core.file_parser.test_csv_parser_parallel.TestCSVParserParallel</td>
                <td class="failed">FAILED</td>
                <td>3.424</td>
            </tr>

            <tr>
                <td colspan="4">
                    <div class="details error-details">
                        <strong>:</strong> assert {0.1020656890623249, 0.6987023715277968, 0.2098329914287775, 0.7018040308801399, 0.6342047570942639, 0.9600916349488856, 0.4597196462648613, 0.1290871050620109, 0.5823188829734605, 0.0919070974314327} == {0.10206568906232494, 0.6987023715277968, 0.20983299142877754, 0.7018040308801399, 0.6342047570942639, 0.9600916349488857, 0.4597196462648613, 0.12908710506201093, 0.5823188829734605, 0.09190709743143277}
  Extra items in the left set:
  0.1020656890623249
  0.9600916349488856
  0.1290871050620109
  0.0919070974314327
  0.2098329914287775
  Extra items in the right set:
  0.10206568906232494
  0.20983299142877754
  0.9600916349488857
  0.09190709743143277
  0.12908710506201093
  Full diff:
    {
  -  0.09190709743143277,
  ?                    -
  +  0.0919070974314327,
  -  0.10206568906232494,
  ?                    -
  +  0.1020656890623249,
  -  0.12908710506201093,
  ?                    -
  +  0.1290871050620109,
  -  0.20983299142877754,
  ?                    -
  +  0.2098329914287775,
     0.4597196462648613,
     0.5823188829734605,
     0.6342047570942639,
     0.6987023715277968,
     0.7018040308801399,
  -  0.9600916349488857,
  ?                   ^
  +  0.9600916349488856,
  ?                   ^
    }
                        tests/unit/core/file_parser/test_csv_parser_parallel.py:172: in test_integration_with_real_parallel_processing
    assert set(result[col].iloc[:10]) == set(df[col].iloc[:10])
E   assert {0.1020656890623249, 0.6987023715277968, 0.2098329914287775, 0.7018040308801399, 0.6342047570942639, 0.9600916349488856, 0.4597196462648613, 0.1290871050620109, 0.5823188829734605, 0.0919070974314327} == {0.10206568906232494, 0.6987023715277968, 0.20983299142877754, 0.7018040308801399, 0.6342047570942639, 0.9600916349488857, 0.4597196462648613, 0.12908710506201093, 0.5823188829734605, 0.09190709743143277}
E     Extra items in the left set:
E     0.1020656890623249
E     0.9600916349488856
E     0.1290871050620109
E     0.0919070974314327
E     0.2098329914287775
E     Extra items in the right set:
E     0.10206568906232494
E     0.20983299142877754
E     0.9600916349488857
E     0.09190709743143277
E     0.12908710506201093
E     Full diff:
E       {
E     -  0.09190709743143277,
E     ?                    -
E     +  0.0919070974314327,
E     -  0.10206568906232494,
E     ?                    -
E     +  0.1020656890623249,
E     -  0.12908710506201093,
E     ?                    -
E     +  0.1290871050620109,
E     -  0.20983299142877754,
E     ?                    -
E     +  0.2098329914287775,
E        0.4597196462648613,
E        0.5823188829734605,
E        0.6342047570942639,
E        0.6987023715277968,
E        0.7018040308801399,
E     -  0.9600916349488857,
E     ?                   ^
E     +  0.9600916349488856,
E     ?                   ^
E       }
                    </div>
                </td>
            </tr>

            <tr>
                <td>test_error_handling_during_parallel_processing</td>
                <td>tests.unit.core.file_parser.test_csv_parser_parallel.TestCSVParserParallel</td>
                <td class="passed">PASSED</td>
                <td>2.736</td>
            </tr>

            <tr>
                <td>test_parse_large_file_with_parallel_processing</td>
                <td>tests.unit.core.file_parser.test_excel_parser_parallel.TestExcelParserParallel</td>
                <td class="passed">PASSED</td>
                <td>1.522</td>
            </tr>

            <tr>
                <td>test_parse_very_large_file_with_sheet_partitioning</td>
                <td>tests.unit.core.file_parser.test_excel_parser_parallel.TestExcelParserParallel</td>
                <td class="failed">FAILED</td>
                <td>1.462</td>
            </tr>

            <tr>
                <td colspan="4">
                    <div class="details error-details">
                        <strong>:</strong> assert 999 == 1000
 +  where 999 = len(     64  94  Y  0.8943956318769908\n0     4  78  Z            0.221762\n1    60  31  X            0.719489\n2    67  42  X            0.965725\n3    65  57  Y            0.619343\n4     7  66  Y            0.177835\n..   ..  .. ..                 ...\n994  69  83  X            0.524487\n995  44  29  X            0.577166\n996  19  34  Y            0.023278\n997  11  13  Z            0.136473\n998   0  70  Z            0.620842\n\n[999 rows x 4 columns])
 +  and   1000 = len(      A   B  C         D\n0    64  94  Y  0.894396\n1     4  78  Z  0.221762\n2    60  31  X  0.719489\n3    67  42  X  0.965725\n4    65  57  Y  0.619343\n..   ..  .. ..       ...\n995  69  83  X  0.524487\n996  44  29  X  0.577166\n997  19  34  Y  0.023278\n998  11  13  Z  0.136473\n999   0  70  Z  0.620842\n\n[1000 rows x 4 columns])
                        tests/unit/core/file_parser/test_excel_parser_parallel.py:112: in test_parse_very_large_file_with_sheet_partitioning
    assert len(result) == len(df)
E   assert 999 == 1000
E    +  where 999 = len(     64  94  Y  0.8943956318769908\n0     4  78  Z            0.221762\n1    60  31  X            0.719489\n2    67  42  X            0.965725\n3    65  57  Y            0.619343\n4     7  66  Y            0.177835\n..   ..  .. ..                 ...\n994  69  83  X            0.524487\n995  44  29  X            0.577166\n996  19  34  Y            0.023278\n997  11  13  Z            0.136473\n998   0  70  Z            0.620842\n\n[999 rows x 4 columns])
E    +  and   1000 = len(      A   B  C         D\n0    64  94  Y  0.894396\n1     4  78  Z  0.221762\n2    60  31  X  0.719489\n3    67  42  X  0.965725\n4    65  57  Y  0.619343\n..   ..  .. ..       ...\n995  69  83  X  0.524487\n996  44  29  X  0.577166\n997  19  34  Y  0.023278\n998  11  13  Z  0.136473\n999   0  70  Z  0.620842\n\n[1000 rows x 4 columns])
                    </div>
                </td>
            </tr>

            <tr>
                <td>test_parse_small_file_without_parallel_processing</td>
                <td>tests.unit.core.file_parser.test_excel_parser_parallel.TestExcelParserParallel</td>
                <td class="passed">PASSED</td>
                <td>1.203</td>
            </tr>

            <tr>
                <td>test_can_partition_sheet</td>
                <td>tests.unit.core.file_parser.test_excel_parser_parallel.TestExcelParserParallel</td>
                <td class="passed">PASSED</td>
                <td>0.215</td>
            </tr>

            <tr>
                <td>test_estimate_row_count</td>
                <td>tests.unit.core.file_parser.test_excel_parser_parallel.TestExcelParserParallel</td>
                <td class="passed">PASSED</td>
                <td>0.221</td>
            </tr>

            <tr>
                <td>test_error_handling_during_parallel_processing</td>
                <td>tests.unit.core.file_parser.test_excel_parser_parallel.TestExcelParserParallel</td>
                <td class="passed">PASSED</td>
                <td>1.699</td>
            </tr>

            <tr>
                <td>test_init</td>
                <td>tests.unit.core.file_parser.test_json_parser.TestJSONParser</td>
                <td class="passed">PASSED</td>
                <td>0.112</td>
            </tr>

            <tr>
                <td>test_parse_array</td>
                <td>tests.unit.core.file_parser.test_json_parser.TestJSONParser</td>
                <td class="passed">PASSED</td>
                <td>0.115</td>
            </tr>

            <tr>
                <td>test_parse_object</td>
                <td>tests.unit.core.file_parser.test_json_parser.TestJSONParser</td>
                <td class="passed">PASSED</td>
                <td>0.106</td>
            </tr>

            <tr>
                <td>test_parse_nested</td>
                <td>tests.unit.core.file_parser.test_json_parser.TestJSONParser</td>
                <td class="passed">PASSED</td>
                <td>0.108</td>
            </tr>

            <tr>
                <td>test_parse_empty</td>
                <td>tests.unit.core.file_parser.test_json_parser.TestJSONParser</td>
                <td class="passed">PASSED</td>
                <td>0.114</td>
            </tr>

            <tr>
                <td>test_error_handling</td>
                <td>tests.unit.core.file_parser.test_json_parser.TestJSONParser</td>
                <td class="passed">PASSED</td>
                <td>0.114</td>
            </tr>

            <tr>
                <td>test_create_parser_csv</td>
                <td>tests.unit.core.file_parser.test_parser_factory.TestParserFactory</td>
                <td class="passed">PASSED</td>
                <td>0.541</td>
            </tr>

            <tr>
                <td>test_create_parser_json</td>
                <td>tests.unit.core.file_parser.test_parser_factory.TestParserFactory</td>
                <td class="passed">PASSED</td>
                <td>0.426</td>
            </tr>

            <tr>
                <td>test_create_parser_xml</td>
                <td>tests.unit.core.file_parser.test_parser_factory.TestParserFactory</td>
                <td class="passed">PASSED</td>
                <td>0.441</td>
            </tr>

            <tr>
                <td>test_file_not_found</td>
                <td>tests.unit.core.file_parser.test_parser_factory.TestParserFactory</td>
                <td class="passed">PASSED</td>
                <td>0.106</td>
            </tr>

            <tr>
                <td>test_fallback_detection</td>
                <td>tests.unit.core.file_parser.test_parser_factory.TestParserFactory</td>
                <td class="passed">PASSED</td>
                <td>0.550</td>
            </tr>

            <tr>
                <td>test_detect_parser_by_content</td>
                <td>tests.unit.core.file_parser.test_parser_factory.TestParserFactory</td>
                <td class="passed">PASSED</td>
                <td>0.870</td>
            </tr>

            <tr>
                <td>test_default_to_csv</td>
                <td>tests.unit.core.file_parser.test_parser_factory.TestParserFactory</td>
                <td class="failed">FAILED</td>
                <td>0.332</td>
            </tr>

            <tr>
                <td colspan="4">
                    <div class="details error-details">
                        <strong>:</strong> TypeError: <lambda>() missing 1 required positional argument: 'path'
                        tests/unit/core/file_parser/test_parser_factory.py:72: in test_default_to_csv
    parser = ParserFactory.create_parser(unknown_file)
core/file_parser/parser_factory.py:92: in create_parser
    parser_class = cls._detect_parser_by_content(file_path)
E   TypeError: <lambda>() missing 1 required positional argument: 'path'
                    </div>
                </td>
            </tr>

            <tr>
                <td>test_init</td>
                <td>tests.unit.core.file_parser.test_xml_parser.TestXMLParser</td>
                <td class="passed">PASSED</td>
                <td>0.104</td>
            </tr>

            <tr>
                <td>test_parse</td>
                <td>tests.unit.core.file_parser.test_xml_parser.TestXMLParser</td>
                <td class="passed">PASSED</td>
                <td>0.111</td>
            </tr>

            <tr>
                <td>test_detect_record_path</td>
                <td>tests.unit.core.file_parser.test_xml_parser.TestXMLParser</td>
                <td class="passed">PASSED</td>
                <td>0.112</td>
            </tr>

            <tr>
                <td>test_parse_with_attributes</td>
                <td>tests.unit.core.file_parser.test_xml_parser.TestXMLParser</td>
                <td class="passed">PASSED</td>
                <td>0.122</td>
            </tr>

            <tr>
                <td>test_parse_as_single_record</td>
                <td>tests.unit.core.file_parser.test_xml_parser.TestXMLParser</td>
                <td class="passed">PASSED</td>
                <td>0.131</td>
            </tr>

            <tr>
                <td>test_error_handling</td>
                <td>tests.unit.core.file_parser.test_xml_parser.TestXMLParser</td>
                <td class="passed">PASSED</td>
                <td>0.115</td>
            </tr>

            <tr>
                <td>test_init_with_adaptive_cache</td>
                <td>tests.unit.core.llm.test_distilbert_client.TestDistilBERTClient</td>
                <td class="passed">PASSED</td>
                <td>0.333</td>
            </tr>

            <tr>
                <td>test_init_with_standard_cache</td>
                <td>tests.unit.core.llm.test_distilbert_client.TestDistilBERTClient</td>
                <td class="passed">PASSED</td>
                <td>0.327</td>
            </tr>

            <tr>
                <td>test_init_with_rate_limiting</td>
                <td>tests.unit.core.llm.test_distilbert_client.TestDistilBERTClient</td>
                <td class="passed">PASSED</td>
                <td>0.336</td>
            </tr>

            <tr>
                <td>test_init_without_rate_limiting</td>
                <td>tests.unit.core.llm.test_distilbert_client.TestDistilBERTClient</td>
                <td class="passed">PASSED</td>
                <td>0.221</td>
            </tr>

            <tr>
                <td>test_generate_response_with_cache_hit</td>
                <td>tests.unit.core.llm.test_distilbert_client.TestDistilBERTClient</td>
                <td class="passed">PASSED</td>
                <td>0.434</td>
            </tr>

            <tr>
                <td>test_generate_response_with_rate_limiting</td>
                <td>tests.unit.core.llm.test_distilbert_client.TestDistilBERTClient</td>
                <td class="passed">PASSED</td>
                <td>0.747</td>
            </tr>

            <tr>
                <td>test_generate_response_with_rate_limiting_exceeded</td>
                <td>tests.unit.core.llm.test_distilbert_client.TestDistilBERTClient</td>
                <td class="passed">PASSED</td>
                <td>0.759</td>
            </tr>

            <tr>
                <td>test_get_stats</td>
                <td>tests.unit.core.llm.test_distilbert_client.TestDistilBERTClient</td>
                <td class="passed">PASSED</td>
                <td>0.323</td>
            </tr>

            <tr>
                <td>test_batch_generate</td>
                <td>tests.unit.core.llm.test_distilbert_client.TestDistilBERTClient</td>
                <td class="passed">PASSED</td>
                <td>0.326</td>
            </tr>

            <tr>
                <td>test_process_masked_chunk</td>
                <td>tests.unit.core.llm.test_distilbert_client.TestDistilBERTClient</td>
                <td class="passed">PASSED</td>
                <td>0.327</td>
            </tr>

            <tr>
                <td>test_init_with_adaptive_cache</td>
                <td>tests.unit.core.llm.test_gpt_client.TestGPTClient</td>
                <td class="passed">PASSED</td>
                <td>0.114</td>
            </tr>

            <tr>
                <td>test_init_with_standard_cache</td>
                <td>tests.unit.core.llm.test_gpt_client.TestGPTClient</td>
                <td class="passed">PASSED</td>
                <td>0.111</td>
            </tr>

            <tr>
                <td>test_init_with_rate_limiting</td>
                <td>tests.unit.core.llm.test_gpt_client.TestGPTClient</td>
                <td class="passed">PASSED</td>
                <td>0.109</td>
            </tr>

            <tr>
                <td>test_init_without_rate_limiting</td>
                <td>tests.unit.core.llm.test_gpt_client.TestGPTClient</td>
                <td class="passed">PASSED</td>
                <td>0.107</td>
            </tr>

            <tr>
                <td>test_generate_response_with_cache_hit</td>
                <td>tests.unit.core.llm.test_gpt_client.TestGPTClient</td>
                <td class="passed">PASSED</td>
                <td>0.113</td>
            </tr>

            <tr>
                <td>test_generate_response_with_rate_limiting</td>
                <td>tests.unit.core.llm.test_gpt_client.TestGPTClient</td>
                <td class="passed">PASSED</td>
                <td>0.117</td>
            </tr>

            <tr>
                <td>test_generate_response_with_rate_limiting_exceeded</td>
                <td>tests.unit.core.llm.test_gpt_client.TestGPTClient</td>
                <td class="passed">PASSED</td>
                <td>0.119</td>
            </tr>

            <tr>
                <td>test_get_stats_with_rate_limiter</td>
                <td>tests.unit.core.llm.test_gpt_client.TestGPTClient</td>
                <td class="passed">PASSED</td>
                <td>0.112</td>
            </tr>

            <tr>
                <td>test_batch_generate</td>
                <td>tests.unit.core.llm.test_gpt_client.TestGPTClient</td>
                <td class="passed">PASSED</td>
                <td>0.213</td>
            </tr>

            <tr>
                <td>test_get_model_type_explicit</td>
                <td>tests.unit.core.llm.test_llm_factory.TestLLMFactory</td>
                <td class="passed">PASSED</td>
                <td>0.000</td>
            </tr>

            <tr>
                <td>test_get_model_type_from_id</td>
                <td>tests.unit.core.llm.test_llm_factory.TestLLMFactory</td>
                <td class="passed">PASSED</td>
                <td>0.000</td>
            </tr>

            <tr>
                <td>test_get_model_type_default</td>
                <td>tests.unit.core.llm.test_llm_factory.TestLLMFactory</td>
                <td class="passed">PASSED</td>
                <td>0.001</td>
            </tr>

            <tr>
                <td>test_get_available_models</td>
                <td>tests.unit.core.llm.test_llm_factory.TestLLMFactory</td>
                <td class="passed">PASSED</td>
                <td>0.000</td>
            </tr>

            <tr>
                <td>test_init_with_adaptive_cache</td>
                <td>tests.unit.core.llm.test_phi_client.TestPhiClient</td>
                <td class="passed">PASSED</td>
                <td>0.111</td>
            </tr>

            <tr>
                <td>test_init_with_standard_cache</td>
                <td>tests.unit.core.llm.test_phi_client.TestPhiClient</td>
                <td class="passed">PASSED</td>
                <td>0.115</td>
            </tr>

            <tr>
                <td>test_init_with_rate_limiting</td>
                <td>tests.unit.core.llm.test_phi_client.TestPhiClient</td>
                <td class="passed">PASSED</td>
                <td>0.109</td>
            </tr>

            <tr>
                <td>test_init_without_rate_limiting</td>
                <td>tests.unit.core.llm.test_phi_client.TestPhiClient</td>
                <td class="passed">PASSED</td>
                <td>0.110</td>
            </tr>

            <tr>
                <td>test_generate_response_with_cache_hit</td>
                <td>tests.unit.core.llm.test_phi_client.TestPhiClient</td>
                <td class="passed">PASSED</td>
                <td>0.116</td>
            </tr>

            <tr>
                <td>test_generate_response_with_rate_limiting</td>
                <td>tests.unit.core.llm.test_phi_client.TestPhiClient</td>
                <td class="passed">PASSED</td>
                <td>0.120</td>
            </tr>

            <tr>
                <td>test_generate_response_with_rate_limiting_exceeded</td>
                <td>tests.unit.core.llm.test_phi_client.TestPhiClient</td>
                <td class="passed">PASSED</td>
                <td>0.118</td>
            </tr>

            <tr>
                <td>test_get_stats_with_rate_limiter</td>
                <td>tests.unit.core.llm.test_phi_client.TestPhiClient</td>
                <td class="passed">PASSED</td>
                <td>0.110</td>
            </tr>

            <tr>
                <td>test_batch_generate</td>
                <td>tests.unit.core.llm.test_phi_client.TestPhiClient</td>
                <td class="passed">PASSED</td>
                <td>0.114</td>
            </tr>

            <tr>
                <td>test_init</td>
                <td>tests.unit.services.mapping.test_field_mapper.TestFieldMapper</td>
                <td class="passed">PASSED</td>
                <td>0.856</td>
            </tr>

            <tr>
                <td>test_map</td>
                <td>tests.unit.services.mapping.test_field_mapper.TestFieldMapper</td>
                <td class="passed">PASSED</td>
                <td>3.002</td>
            </tr>

            <tr>
                <td>test_map_fields</td>
                <td>tests.unit.services.mapping.test_field_mapper.TestFieldMapper</td>
                <td class="skipped">SKIPPED</td>
                <td>0.000</td>
            </tr>

            <tr>
                <td>test_apply_mappings</td>
                <td>tests.unit.services.mapping.test_field_mapper.TestFieldMapper</td>
                <td class="passed">PASSED</td>
                <td>0.429</td>
            </tr>

            <tr>
                <td>test_handle_missing_required_fields</td>
                <td>tests.unit.services.mapping.test_field_mapper.TestFieldMapper</td>
                <td class="passed">PASSED</td>
                <td>0.447</td>
            </tr>

            <tr>
                <td>test_direct_mapping</td>
                <td>tests.unit.services.mapping.test_field_mapper_simple.TestFieldMapperSimple</td>
                <td class="passed">PASSED</td>
                <td>0.001</td>
            </tr>

            <tr>
                <td>test_apply_mappings_dict</td>
                <td>tests.unit.services.mapping.test_field_mapper_simple.TestFieldMapperSimple</td>
                <td class="passed">PASSED</td>
                <td>0.442</td>
            </tr>

            <tr>
                <td>test_init</td>
                <td>tests.unit.services.normalization.test_value_normalizer.TestValueNormalizer</td>
                <td class="passed">PASSED</td>
                <td>0.001</td>
            </tr>

            <tr>
                <td>test_normalize</td>
                <td>tests.unit.services.normalization.test_value_normalizer.TestValueNormalizer</td>
                <td class="passed">PASSED</td>
                <td>0.012</td>
            </tr>

            <tr>
                <td>test_normalize_prices</td>
                <td>tests.unit.services.normalization.test_value_normalizer.TestValueNormalizer</td>
                <td class="failed">FAILED</td>
                <td>0.002</td>
            </tr>

            <tr>
                <td colspan="4">
                    <div class="details error-details">
                        <strong>:</strong> AssertionError: assert False
 +  where False = isinstance('$349.99', (<class 'int'>, <class 'float'>))
                        tests/unit/services/normalization/test_value_normalizer.py:89: in test_normalize_prices
    assert isinstance(result.iloc[0]['MSRP'], (int, float))
E   AssertionError: assert False
E    +  where False = isinstance('$349.99', (<class 'int'>, <class 'float'>))
                    </div>
                </td>
            </tr>

            <tr>
                <td>test_normalize_text_fields</td>
                <td>tests.unit.services.normalization.test_value_normalizer.TestValueNormalizer</td>
                <td class="passed">PASSED</td>
                <td>0.002</td>
            </tr>

            <tr>
                <td>test_normalize_ids</td>
                <td>tests.unit.services.normalization.test_value_normalizer.TestValueNormalizer</td>
                <td class="failed">FAILED</td>
                <td>0.001</td>
            </tr>

            <tr>
                <td colspan="4">
                    <div class="details error-details">
                        <strong>:</strong> AssertionError: assert '1234-5678-9012' == '123456789012'
  - 123456789012
  + 1234-5678-9012
  ?     +    +
                        tests/unit/services/normalization/test_value_normalizer.py:150: in test_normalize_ids
    assert result.iloc[1]['UPC'] == '123456789012'
E   AssertionError: assert '1234-5678-9012' == '123456789012'
E     - 123456789012
E     + 1234-5678-9012
E     ?     +    +
                    </div>
                </td>
            </tr>

            <tr>
                <td>test_init</td>
                <td>tests.unit.services.structure.test_structure_analyzer.TestStructureAnalyzer</td>
                <td class="passed">PASSED</td>
                <td>0.422</td>
            </tr>

            <tr>
                <td>test_analyze</td>
                <td>tests.unit.services.structure.test_structure_analyzer.TestStructureAnalyzer</td>
                <td class="passed">PASSED</td>
                <td>0.913</td>
            </tr>

            <tr>
                <td>test_analyze_empty_dataframe</td>
                <td>tests.unit.services.structure.test_structure_analyzer.TestStructureAnalyzer</td>
                <td class="passed">PASSED</td>
                <td>1.687</td>
            </tr>

            <tr>
                <td>test_analyze_with_missing_values</td>
                <td>tests.unit.services.structure.test_structure_analyzer.TestStructureAnalyzer</td>
                <td class="failed">FAILED</td>
                <td>1.122</td>
            </tr>

            <tr>
                <td colspan="4">
                    <div class="details error-details">
                        <strong>:</strong> AssertionError: assert 'missing_values' in {' data _ characteristics ': ' characteristics of the data ', ' potential _ mapping ': ' potential mapping to standard schema ', ' purpose ': ' purposeof this column ', 'column_analysis': {}, ...}
                        tests/unit/services/structure/test_structure_analyzer.py:99: in test_analyze_with_missing_values
    assert 'missing_values' in result
E   AssertionError: assert 'missing_values' in {' data _ characteristics ': ' characteristics of the data ', ' potential _ mapping ': ' potential mapping to standard schema ', ' purpose ': ' purposeof this column ', 'column_analysis': {}, ...}
                    </div>
                </td>
            </tr>

            <tr>
                <td>test_analyze_with_mixed_types</td>
                <td>tests.unit.services.structure.test_structure_analyzer.TestStructureAnalyzer</td>
                <td class="failed">FAILED</td>
                <td>31.258</td>
            </tr>

            <tr>
                <td colspan="4">
                    <div class="details error-details">
                        <strong>:</strong> AssertionError: assert 'integer' in ['boolean', 'binary']
                        tests/unit/services/structure/test_structure_analyzer.py:144: in test_analyze_with_mixed_types
    assert column_types['Boolean']['type'] in ['boolean', 'binary']
E   AssertionError: assert 'integer' in ['boolean', 'binary']
                    </div>
                </td>
            </tr>

            <tr>
                <td>test_detect_column_types</td>
                <td>tests.unit.services.structure.test_structure_analyzer.TestStructureAnalyzer</td>
                <td class="failed">FAILED</td>
                <td>0.449</td>
            </tr>

            <tr>
                <td colspan="4">
                    <div class="details error-details">
                        <strong>:</strong> AssertionError: assert 'integer' in ['boolean', 'binary']
                        tests/unit/services/structure/test_structure_analyzer.py:175: in test_detect_column_types
    assert result['In Stock']['type'] in ['boolean', 'binary']
E   AssertionError: assert 'integer' in ['boolean', 'binary']
                    </div>
                </td>
            </tr>

            <tr>
                <td>test_parallel_imports</td>
                <td>tests.unit.utils.test_imports.TestImports</td>
                <td class="passed">PASSED</td>
                <td>0.001</td>
            </tr>

            <tr>
                <td>test_rate_limiting_imports</td>
                <td>tests.unit.utils.test_imports.TestImports</td>
                <td class="passed">PASSED</td>
                <td>0.000</td>
            </tr>

            <tr>
                <td>test_caching_imports</td>
                <td>tests.unit.utils.test_imports.TestImports</td>
                <td class="passed">PASSED</td>
                <td>0.000</td>
            </tr>

            <tr>
                <td>test_phi_client_imports</td>
                <td>tests.unit.utils.test_imports.TestImports</td>
                <td class="passed">PASSED</td>
                <td>0.114</td>
            </tr>

            <tr>
                <td>test_gpt_client_imports</td>
                <td>tests.unit.utils.test_imports.TestImports</td>
                <td class="passed">PASSED</td>
                <td>0.112</td>
            </tr>

            <tr>
                <td>test_llm_factory_imports</td>
                <td>tests.unit.utils.test_imports.TestImports</td>
                <td class="failed">FAILED</td>
                <td>0.001</td>
            </tr>

            <tr>
                <td colspan="4">
                    <div class="details error-details">
                        <strong>:</strong> AssertionError: assert 'phi' in {'distilbert': <class 'core.llm.distilbert_client.DistilBERTClient'>, 'dummy': <class 'core.llm.dummy_client.DummyLLMClient'>, 'gpt2': <class 'core.llm.gpt_client.GPTClient'>}
 +  where {'distilbert': <class 'core.llm.distilbert_client.DistilBERTClient'>, 'dummy': <class 'core.llm.dummy_client.DummyLLMClient'>, 'gpt2': <class 'core.llm.gpt_client.GPTClient'>} = <class 'core.llm.llm_factory.LLMFactory'>.CLIENT_MAP
                        tests/unit/utils/test_imports.py:113: in test_llm_factory_imports
    assert "phi" in LLMFactory.CLIENT_MAP
E   AssertionError: assert 'phi' in {'distilbert': <class 'core.llm.distilbert_client.DistilBERTClient'>, 'dummy': <class 'core.llm.dummy_client.DummyLLMClient'>, 'gpt2': <class 'core.llm.gpt_client.GPTClient'>}
E    +  where {'distilbert': <class 'core.llm.distilbert_client.DistilBERTClient'>, 'dummy': <class 'core.llm.dummy_client.DummyLLMClient'>, 'gpt2': <class 'core.llm.gpt_client.GPTClient'>} = <class 'core.llm.llm_factory.LLMFactory'>.CLIENT_MAP
                    </div>
                </td>
            </tr>

            <tr>
                <td>test_csv_parser_imports</td>
                <td>tests.unit.utils.test_imports.TestImports</td>
                <td class="passed">PASSED</td>
                <td>0.001</td>
            </tr>

            <tr>
                <td>test_excel_parser_imports</td>
                <td>tests.unit.utils.test_imports.TestImports</td>
                <td class="passed">PASSED</td>
                <td>0.001</td>
            </tr>

            <tr>
                <td>test_init</td>
                <td>tests.unit.utils.caching.test_adaptive_cache.TestCacheEntry</td>
                <td class="passed">PASSED</td>
                <td>0.001</td>
            </tr>

            <tr>
                <td>test_is_expired</td>
                <td>tests.unit.utils.caching.test_adaptive_cache.TestCacheEntry</td>
                <td class="passed">PASSED</td>
                <td>0.203</td>
            </tr>

            <tr>
                <td>test_access</td>
                <td>tests.unit.utils.caching.test_adaptive_cache.TestCacheEntry</td>
                <td class="passed">PASSED</td>
                <td>0.002</td>
            </tr>

            <tr>
                <td>test_access_pattern_limit</td>
                <td>tests.unit.utils.caching.test_adaptive_cache.TestCacheEntry</td>
                <td class="passed">PASSED</td>
                <td>0.002</td>
            </tr>

            <tr>
                <td>test_get_access_frequency</td>
                <td>tests.unit.utils.caching.test_adaptive_cache.TestCacheEntry</td>
                <td class="passed">PASSED</td>
                <td>0.122</td>
            </tr>

            <tr>
                <td>test_get_recency_score</td>
                <td>tests.unit.utils.caching.test_adaptive_cache.TestCacheEntry</td>
                <td class="passed">PASSED</td>
                <td>0.002</td>
            </tr>

            <tr>
                <td>test_calculate_optimal_ttl</td>
                <td>tests.unit.utils.caching.test_adaptive_cache.TestCacheEntry</td>
                <td class="passed">PASSED</td>
                <td>0.001</td>
            </tr>

            <tr>
                <td>test_init</td>
                <td>tests.unit.utils.caching.test_adaptive_cache.TestAdaptiveCache</td>
                <td class="passed">PASSED</td>
                <td>0.002</td>
            </tr>

            <tr>
                <td>test_get_set_basic</td>
                <td>tests.unit.utils.caching.test_adaptive_cache.TestAdaptiveCache</td>
                <td class="passed">PASSED</td>
                <td>0.001</td>
            </tr>

            <tr>
                <td>test_expiration</td>
                <td>tests.unit.utils.caching.test_adaptive_cache.TestAdaptiveCache</td>
                <td class="passed">PASSED</td>
                <td>0.207</td>
            </tr>

            <tr>
                <td>test_complex_keys</td>
                <td>tests.unit.utils.caching.test_adaptive_cache.TestAdaptiveCache</td>
                <td class="passed">PASSED</td>
                <td>0.001</td>
            </tr>

            <tr>
                <td>test_eviction</td>
                <td>tests.unit.utils.caching.test_adaptive_cache.TestAdaptiveCache</td>
                <td class="passed">PASSED</td>
                <td>0.001</td>
            </tr>

            <tr>
                <td>test_adaptive_ttl</td>
                <td>tests.unit.utils.caching.test_adaptive_cache.TestAdaptiveCache</td>
                <td class="passed">PASSED</td>
                <td>0.105</td>
            </tr>

            <tr>
                <td>test_clear</td>
                <td>tests.unit.utils.caching.test_adaptive_cache.TestAdaptiveCache</td>
                <td class="passed">PASSED</td>
                <td>0.001</td>
            </tr>

            <tr>
                <td>test_get_stats</td>
                <td>tests.unit.utils.caching.test_adaptive_cache.TestAdaptiveCache</td>
                <td class="passed">PASSED</td>
                <td>0.001</td>
            </tr>

            <tr>
                <td>test_concurrent_access</td>
                <td>tests.unit.utils.caching.test_adaptive_cache.TestAdaptiveCache</td>
                <td class="passed">PASSED</td>
                <td>0.002</td>
            </tr>

            <tr>
                <td>test_init</td>
                <td>tests.unit.utils.parallel.test_parallel_processor.TestParallelProcessor</td>
                <td class="passed">PASSED</td>
                <td>0.000</td>
            </tr>

            <tr>
                <td>test_process_dataframe_small</td>
                <td>tests.unit.utils.parallel.test_parallel_processor.TestParallelProcessor</td>
                <td class="passed">PASSED</td>
                <td>0.107</td>
            </tr>

            <tr>
                <td>test_process_dataframe_large</td>
                <td>tests.unit.utils.parallel.test_parallel_processor.TestParallelProcessor</td>
                <td class="passed">PASSED</td>
                <td>1.257</td>
            </tr>

            <tr>
                <td>test_process_dataframe_with_custom_merge</td>
                <td>tests.unit.utils.parallel.test_parallel_processor.TestParallelProcessor</td>
                <td class="passed">PASSED</td>
                <td>0.729</td>
            </tr>

            <tr>
                <td>test_process_file_csv</td>
                <td>tests.unit.utils.parallel.test_parallel_processor.TestParallelProcessor</td>
                <td class="passed">PASSED</td>
                <td>0.764</td>
            </tr>

            <tr>
                <td>test_executor_type</td>
                <td>tests.unit.utils.parallel.test_parallel_processor.TestParallelProcessor</td>
                <td class="passed">PASSED</td>
                <td>0.001</td>
            </tr>

            <tr>
                <td>test_process_chunks</td>
                <td>tests.unit.utils.parallel.test_parallel_processor.TestParallelProcessor</td>
                <td class="passed">PASSED</td>
                <td>1.153</td>
            </tr>

            <tr>
                <td>test_error_handling</td>
                <td>tests.unit.utils.parallel.test_parallel_processor.TestParallelProcessor</td>
                <td class="passed">PASSED</td>
                <td>0.223</td>
            </tr>

            <tr>
                <td>test_init</td>
                <td>tests.unit.utils.parsers.test_json_utility_parser.TestJSONParser</td>
                <td class="passed">PASSED</td>
                <td>0.001</td>
            </tr>

            <tr>
                <td>test_parse_json</td>
                <td>tests.unit.utils.parsers.test_json_utility_parser.TestJSONParser</td>
                <td class="passed">PASSED</td>
                <td>0.001</td>
            </tr>

            <tr>
                <td>test_parse_json_in_code_block</td>
                <td>tests.unit.utils.parsers.test_json_utility_parser.TestJSONParser</td>
                <td class="passed">PASSED</td>
                <td>0.001</td>
            </tr>

            <tr>
                <td>test_parse_json_with_single_quotes</td>
                <td>tests.unit.utils.parsers.test_json_utility_parser.TestJSONParser</td>
                <td class="passed">PASSED</td>
                <td>0.002</td>
            </tr>

            <tr>
                <td>test_parse_json_with_unquoted_keys</td>
                <td>tests.unit.utils.parsers.test_json_utility_parser.TestJSONParser</td>
                <td class="passed">PASSED</td>
                <td>0.001</td>
            </tr>

            <tr>
                <td>test_parse_invalid_json</td>
                <td>tests.unit.utils.parsers.test_json_utility_parser.TestJSONParser</td>
                <td class="passed">PASSED</td>
                <td>0.003</td>
            </tr>

            <tr>
                <td>test_extract_json_blocks</td>
                <td>tests.unit.utils.parsers.test_json_utility_parser.TestJSONParser</td>
                <td class="passed">PASSED</td>
                <td>0.001</td>
            </tr>

            <tr>
                <td>test_extract_and_fix_json</td>
                <td>tests.unit.utils.parsers.test_json_utility_parser.TestJSONParser</td>
                <td class="passed">PASSED</td>
                <td>0.001</td>
            </tr>

            <tr>
                <td>test_init</td>
                <td>tests.unit.utils.parsers.test_yaml_parser.TestYAMLParser</td>
                <td class="passed">PASSED</td>
                <td>0.001</td>
            </tr>

            <tr>
                <td>test_parse_yaml</td>
                <td>tests.unit.utils.parsers.test_yaml_parser.TestYAMLParser</td>
                <td class="passed">PASSED</td>
                <td>0.004</td>
            </tr>

            <tr>
                <td>test_parse_yaml_in_code_block</td>
                <td>tests.unit.utils.parsers.test_yaml_parser.TestYAMLParser</td>
                <td class="passed">PASSED</td>
                <td>0.001</td>
            </tr>

            <tr>
                <td>test_parse_yaml_in_generic_block</td>
                <td>tests.unit.utils.parsers.test_yaml_parser.TestYAMLParser</td>
                <td class="passed">PASSED</td>
                <td>0.001</td>
            </tr>

            <tr>
                <td>test_parse_invalid_yaml</td>
                <td>tests.unit.utils.parsers.test_yaml_parser.TestYAMLParser</td>
                <td class="passed">PASSED</td>
                <td>0.002</td>
            </tr>

            <tr>
                <td>test_parse_empty_input</td>
                <td>tests.unit.utils.parsers.test_yaml_parser.TestYAMLParser</td>
                <td class="passed">PASSED</td>
                <td>0.002</td>
            </tr>

            <tr>
                <td>test_extract_yaml_blocks</td>
                <td>tests.unit.utils.parsers.test_yaml_parser.TestYAMLParser</td>
                <td class="passed">PASSED</td>
                <td>0.000</td>
            </tr>

            <tr>
                <td>test_init</td>
                <td>tests.unit.utils.rate_limiting.test_rate_limiter.TestTokenBucket</td>
                <td class="passed">PASSED</td>
                <td>0.000</td>
            </tr>

            <tr>
                <td>test_add_tokens</td>
                <td>tests.unit.utils.rate_limiting.test_rate_limiter.TestTokenBucket</td>
                <td class="passed">PASSED</td>
                <td>0.000</td>
            </tr>

            <tr>
                <td>test_consume_immediate</td>
                <td>tests.unit.utils.rate_limiting.test_rate_limiter.TestTokenBucket</td>
                <td class="passed">PASSED</td>
                <td>0.112</td>
            </tr>

            <tr>
                <td>test_consume_wait</td>
                <td>tests.unit.utils.rate_limiting.test_rate_limiter.TestTokenBucket</td>
                <td class="passed">PASSED</td>
                <td>0.312</td>
            </tr>

            <tr>
                <td>test_get_status</td>
                <td>tests.unit.utils.rate_limiting.test_rate_limiter.TestTokenBucket</td>
                <td class="passed">PASSED</td>
                <td>0.002</td>
            </tr>

            <tr>
                <td>test_init</td>
                <td>tests.unit.utils.rate_limiting.test_rate_limiter.TestRateLimiter</td>
                <td class="passed">PASSED</td>
                <td>0.001</td>
            </tr>

            <tr>
                <td>test_limit_decorator</td>
                <td>tests.unit.utils.rate_limiting.test_rate_limiter.TestRateLimiter</td>
                <td class="passed">PASSED</td>
                <td>1.120</td>
            </tr>

            <tr>
                <td>test_token_cost_function</td>
                <td>tests.unit.utils.rate_limiting.test_rate_limiter.TestRateLimiter</td>
                <td class="passed">PASSED</td>
                <td>5.114</td>
            </tr>

            <tr>
                <td>test_concurrent_requests</td>
                <td>tests.unit.utils.rate_limiting.test_rate_limiter.TestRateLimiter</td>
                <td class="passed">PASSED</td>
                <td>5.570</td>
            </tr>

            <tr>
                <td>test_get_stats</td>
                <td>tests.unit.utils.rate_limiting.test_rate_limiter.TestRateLimiter</td>
                <td class="passed">PASSED</td>
                <td>1.107</td>
            </tr>

            <tr>
                <td>test_receive_logs_invalid_content_type</td>
                <td>tests.unit.web.api.test_logging_controller.TestLoggingController</td>
                <td class="passed">PASSED</td>
                <td>0.003</td>
            </tr>

            <tr>
                <td>test_receive_logs_invalid_log_entry</td>
                <td>tests.unit.web.api.test_logging_controller.TestLoggingController</td>
                <td class="passed">PASSED</td>
                <td>0.003</td>
            </tr>

            <tr>
                <td>test_receive_logs_missing_logs_field</td>
                <td>tests.unit.web.api.test_logging_controller.TestLoggingController</td>
                <td class="passed">PASSED</td>
                <td>0.001</td>
            </tr>

            <tr>
                <td>test_receive_logs_server_error</td>
                <td>tests.unit.web.api.test_logging_controller.TestLoggingController</td>
                <td class="passed">PASSED</td>
                <td>0.003</td>
            </tr>

            <tr>
                <td>test_receive_logs_valid_request</td>
                <td>tests.unit.web.api.test_logging_controller.TestLoggingController</td>
                <td class="passed">PASSED</td>
                <td>0.003</td>
            </tr>

        </tbody>
    </table>

    <h2>Frontend Test Details</h2>

    <p class="no-results">No frontend test details available</p>

    <h2>Integration Test Details</h2>

    <table>
        <thead>
            <tr>
                <th>Test</th>
                <th>Class</th>
                <th>Status</th>
                <th>Time (s)</th>
            </tr>
        </thead>
        <tbody>

            <tr>
                <td>test_health_check_with_llm_stats</td>
                <td>tests.integration.test_api_with_optimizations.TestAPIWithOptimizations</td>
                <td class="passed">PASSED</td>
                <td>0.235</td>
            </tr>

        </tbody>
    </table>

</body>
</html>
