<!DOCTYPE html>
<html lang="en">
<head>
    <meta charset="UTF-8">
    <meta name="viewport" content="width=device-width, initial-scale=1.0">
    <title>AV Catalog Converter Test Report</title>
    <style>
        body {
            font-family: Arial, sans-serif;
            line-height: 1.6;
            color: #333;
            max-width: 1200px;
            margin: 0 auto;
            padding: 20px;
        }
        h1, h2, h3 {
            color: #2c3e50;
        }
        .summary {
            display: flex;
            justify-content: space-between;
            margin-bottom: 30px;
        }
        .summary-box {
            background-color: #f8f9fa;
            border-radius: 5px;
            padding: 15px;
            width: 30%;
            box-shadow: 0 2px 5px rgba(0,0,0,0.1);
        }
        .summary-box h3 {
            margin-top: 0;
            border-bottom: 1px solid #ddd;
            padding-bottom: 10px;
        }
        .success-rate {
            font-size: 24px;
            font-weight: bold;
        }
        .high {
            color: #27ae60;
        }
        .medium {
            color: #f39c12;
        }
        .low {
            color: #e74c3c;
        }
        table {
            width: 100%;
            border-collapse: collapse;
            margin-bottom: 30px;
        }
        th, td {
            padding: 12px 15px;
            text-align: left;
            border-bottom: 1px solid #ddd;
        }
        th {
            background-color: #f2f2f2;
            font-weight: bold;
        }
        tr:hover {
            background-color: #f5f5f5;
        }
        .passed {
            color: #27ae60;
        }
        .failed {
            color: #e74c3c;
        }
        .error {
            color: #c0392b;
        }
        .skipped {
            color: #7f8c8d;
        }
        .details {
            background-color: #f8f9fa;
            border-left: 4px solid #ddd;
            padding: 10px;
            margin-top: 5px;
            white-space: pre-wrap;
            font-family: monospace;
            font-size: 12px;
            max-height: 200px;
            overflow-y: auto;
        }
        .error-details {
            border-left-color: #e74c3c;
        }
        .timestamp {
            color: #7f8c8d;
            font-style: italic;
            margin-bottom: 20px;
        }
        .no-results {
            color: #7f8c8d;
            font-style: italic;
            padding: 20px;
            text-align: center;
            background-color: #f8f9fa;
            border-radius: 5px;
        }
    </style>
</head>
<body>
    <h1>AV Catalog Converter Test Report</h1>
    <p class="timestamp">Generated on 2025-05-14 03:29:57</p>

    <div class="summary">

        <div class="summary-box">
            <h3>Backend Tests</h3>

            <p>Total Tests: 0</p>
            <p>Passed: 0</p>
            <p>Failed: 0</p>
            <p>Errors: 0</p>
            <p>Skipped: 0</p>
            <p>Success Rate: <span class="success-rate low">0.00%</span></p>

        </div>

        <div class="summary-box">
            <h3>Frontend Tests</h3>

            <p>Total Tests: 0</p>
            <p>Passed: 0</p>
            <p>Failed: 0</p>
            <p>Errors: 0</p>
            <p>Skipped: 0</p>
            <p>Success Rate: <span class="success-rate low">0.00%</span></p>

        </div>

        <div class="summary-box">
            <h3>Integration Tests</h3>

            <p>Total Tests: 0</p>
            <p>Passed: 0</p>
            <p>Failed: 0</p>
            <p>Errors: 0</p>
            <p>Skipped: 0</p>
            <p>Success Rate: <span class="success-rate low">0.00%</span></p>

        </div>
    </div>

    <h2>Backend Test Details</h2>

    <table>
        <thead>
            <tr>
                <th>Test</th>
                <th>Class</th>
                <th>Status</th>
                <th>Time (s)</th>
            </tr>
        </thead>
        <tbody>

            <tr>
                <td>test_health_check</td>
                <td>tests.integration.test_api.TestAPI</td>
                <td class="passed">PASSED</td>
                <td>0.515</td>
            </tr>

            <tr>
                <td>test_upload_file</td>
                <td>tests.integration.test_api.TestAPI</td>
                <td class="passed">PASSED</td>
                <td>8.508</td>
            </tr>

            <tr>
                <td>test_upload_no_file</td>
                <td>tests.integration.test_api.TestAPI</td>
                <td class="passed">PASSED</td>
                <td>0.110</td>
            </tr>

            <tr>
                <td>test_analyze_file</td>
                <td>tests.integration.test_api.TestAPI</td>
                <td class="passed">PASSED</td>
                <td>6.349</td>
            </tr>

            <tr>
                <td>test_map_fields</td>
                <td>tests.integration.test_api.TestAPI</td>
                <td class="passed">PASSED</td>
                <td>0.642</td>
            </tr>

            <tr>
                <td>test_health_check_with_llm_stats</td>
                <td>tests.integration.test_api_with_optimizations.TestAPIWithOptimizations</td>
                <td class="passed">PASSED</td>
                <td>0.109</td>
            </tr>

            <tr>
                <td>test_upload_file_with_parallel_processing</td>
                <td>tests.integration.test_api_with_optimizations.TestAPIWithOptimizations</td>
                <td class="passed">PASSED</td>
                <td>0.327</td>
            </tr>

            <tr>
                <td>test_analyze_file_with_optimized_components</td>
                <td>tests.integration.test_api_with_optimizations.TestAPIWithOptimizations</td>
                <td class="passed">PASSED</td>
                <td>6.249</td>
            </tr>

            <tr>
                <td>test_map_fields_with_rate_limiting</td>
                <td>tests.integration.test_api_with_optimizations.TestAPIWithOptimizations</td>
                <td class="passed">PASSED</td>
                <td>3.988</td>
            </tr>

            <tr>
                <td>test_process_csv_file</td>
                <td>tests.integration.test_end_to_end.TestEndToEnd</td>
                <td class="passed">PASSED</td>
                <td>6.512</td>
            </tr>

            <tr>
                <td>test_process_json_file</td>
                <td>tests.integration.test_end_to_end.TestEndToEnd</td>
                <td class="passed">PASSED</td>
                <td>66.179</td>
            </tr>

            <tr>
                <td>test_process_xml_file</td>
                <td>tests.integration.test_end_to_end.TestEndToEnd</td>
                <td class="passed">PASSED</td>
                <td>65.049</td>
            </tr>

            <tr>
                <td>test_process_nonexistent_file</td>
                <td>tests.integration.test_end_to_end.TestEndToEnd</td>
                <td class="passed">PASSED</td>
                <td>0.116</td>
            </tr>

            <tr>
                <td>test_process_invalid_file</td>
                <td>tests.integration.test_end_to_end.TestEndToEnd</td>
                <td class="passed">PASSED</td>
                <td>68.433</td>
            </tr>

            <tr>
                <td>test_csv_parser_with_parallel_processing</td>
                <td>tests.integration.test_optimized_components.TestOptimizedComponents</td>
                <td class="passed">PASSED</td>
                <td>3.351</td>
            </tr>

            <tr>
                <td>test_excel_parser_with_parallel_processing</td>
                <td>tests.integration.test_optimized_components.TestOptimizedComponents</td>
                <td class="passed">PASSED</td>
                <td>2.001</td>
            </tr>

            <tr>
                <td>test_distilbert_client_with_adaptive_cache</td>
                <td>tests.integration.test_optimized_components.TestOptimizedComponents</td>
                <td class="failed">FAILED</td>
                <td>0.306</td>
            </tr>

            <tr>
                <td colspan="4">
                    <div class="details error-details">
                        <strong>:</strong> assert 0 > 0
                        tests/integration/test_optimized_components.py:125: in test_distilbert_client_with_adaptive_cache
    assert stats['cache_hits'] > 0
E   assert 0 > 0
                    </div>
                </td>
            </tr>

            <tr>
                <td>test_distilbert_client_with_rate_limiting</td>
                <td>tests.integration.test_optimized_components.TestOptimizedComponents</td>
                <td class="failed">FAILED</td>
                <td>16.379</td>
            </tr>

            <tr>
                <td colspan="4">
                    <div class="details error-details">
                        <strong>:</strong> assert 0 > 0
                        tests/integration/test_optimized_components.py:171: in test_distilbert_client_with_rate_limiting
    assert stats['rate_limited_count'] > 0
E   assert 0 > 0
                    </div>
                </td>
            </tr>

            <tr>
                <td>test_llm_factory_with_optimized_client</td>
                <td>tests.integration.test_optimized_components.TestOptimizedComponents</td>
                <td class="failed">FAILED</td>
                <td>0.440</td>
            </tr>

            <tr>
                <td colspan="4">
                    <div class="details error-details">
                        <strong>:</strong> AssertionError: Expected 'DistilBERTClient' to have been called once. Called 0 times.
                        tests/integration/test_optimized_components.py:188: in test_llm_factory_with_optimized_client
    mock_distilbert_client.assert_called_once()
/usr/local/lib/python3.9/unittest/mock.py:886: in assert_called_once
    raise AssertionError(msg)
E   AssertionError: Expected 'DistilBERTClient' to have been called once. Called 0 times.
                    </div>
                </td>
            </tr>

            <tr>
                <td>test_parallel_processor_with_large_dataframe</td>
                <td>tests.integration.test_optimized_components.TestOptimizedComponents</td>
                <td class="failed">FAILED</td>
                <td>1.320</td>
            </tr>

            <tr>
                <td colspan="4">
                    <div class="details error-details">
                        <strong>:</strong> assert 1.2770237922668457 < 0.002296924591064453
                        tests/integration/test_optimized_components.py:232: in test_parallel_processor_with_large_dataframe
    assert parallel_time < single_time
E   assert 1.2770237922668457 < 0.002296924591064453
                    </div>
                </td>
            </tr>

            <tr>
                <td>test_end_to_end_with_all_optimizations</td>
                <td>tests.integration.test_optimized_components.TestOptimizedComponents</td>
                <td class="passed">PASSED</td>
                <td>8.397</td>
            </tr>

            <tr>
                <td>test_init</td>
                <td>tests.unit.core.file_parser.test_base_parser.TestBaseParser</td>
                <td class="passed">PASSED</td>
                <td>0.109</td>
            </tr>

            <tr>
                <td>test_parse_not_implemented</td>
                <td>tests.unit.core.file_parser.test_base_parser.TestBaseParser</td>
                <td class="passed">PASSED</td>
                <td>0.442</td>
            </tr>

            <tr>
                <td>test_get_sample</td>
                <td>tests.unit.core.file_parser.test_base_parser.TestBaseParser</td>
                <td class="passed">PASSED</td>
                <td>0.323</td>
            </tr>

            <tr>
                <td>test_clean_column_names</td>
                <td>tests.unit.core.file_parser.test_base_parser.TestBaseParser</td>
                <td class="failed">FAILED</td>
                <td>0.553</td>
            </tr>

            <tr>
                <td colspan="4">
                    <div class="details error-details">
                        <strong>:</strong> AssertionError: assert 'Duplicate_1' in Index(['Product ID', 'Product Name', 'Price', 'Column_4', 'Duplicate'], dtype='object')
 +  where Index(['Product ID', 'Product Name', 'Price', 'Column_4', 'Duplicate'], dtype='object') =    Product ID Product Name  Price  Column_4  Duplicate\n0           1            a     10         1          4\n1           2            b     20         2          5\n2           3            c     30         3          6.columns
                        tests/unit/core/file_parser/test_base_parser.py:101: in test_clean_column_names
    assert 'Duplicate_1' in result.columns
E   AssertionError: assert 'Duplicate_1' in Index(['Product ID', 'Product Name', 'Price', 'Column_4', 'Duplicate'], dtype='object')
E    +  where Index(['Product ID', 'Product Name', 'Price', 'Column_4', 'Duplicate'], dtype='object') =    Product ID Product Name  Price  Column_4  Duplicate\n0           1            a     10         1          4\n1           2            b     20         2          5\n2           3            c     30         3          6.columns
                    </div>
                </td>
            </tr>

            <tr>
                <td>test_preprocess_dataframe</td>
                <td>tests.unit.core.file_parser.test_base_parser.TestBaseParser</td>
                <td class="passed">PASSED</td>
                <td>0.976</td>
            </tr>

            <tr>
                <td>test_init</td>
                <td>tests.unit.core.file_parser.test_csv_parser.TestCSVParser</td>
                <td class="passed">PASSED</td>
                <td>0.221</td>
            </tr>

            <tr>
                <td>test_parse</td>
                <td>tests.unit.core.file_parser.test_csv_parser.TestCSVParser</td>
                <td class="passed">PASSED</td>
                <td>2.752</td>
            </tr>

            <tr>
                <td>test_detect_delimiter</td>
                <td>tests.unit.core.file_parser.test_csv_parser.TestCSVParser</td>
                <td class="passed">PASSED</td>
                <td>2.618</td>
            </tr>

            <tr>
                <td>test_detect_header</td>
                <td>tests.unit.core.file_parser.test_csv_parser.TestCSVParser</td>
                <td class="passed">PASSED</td>
                <td>2.363</td>
            </tr>

            <tr>
                <td>test_get_sample</td>
                <td>tests.unit.core.file_parser.test_csv_parser.TestCSVParser</td>
                <td class="passed">PASSED</td>
                <td>2.926</td>
            </tr>

            <tr>
                <td>test_parse_with_custom_delimiter</td>
                <td>tests.unit.core.file_parser.test_csv_parser.TestCSVParser</td>
                <td class="passed">PASSED</td>
                <td>2.264</td>
            </tr>

            <tr>
                <td>test_parse_large_file_with_parallel_processing</td>
                <td>tests.unit.core.file_parser.test_csv_parser_parallel.TestCSVParserParallel</td>
                <td class="passed">PASSED</td>
                <td>2.772</td>
            </tr>

            <tr>
                <td>test_parse_very_large_file_with_smaller_chunks</td>
                <td>tests.unit.core.file_parser.test_csv_parser_parallel.TestCSVParserParallel</td>
                <td class="passed">PASSED</td>
                <td>2.700</td>
            </tr>

            <tr>
                <td>test_parse_small_file_without_parallel_processing</td>
                <td>tests.unit.core.file_parser.test_csv_parser_parallel.TestCSVParserParallel</td>
                <td class="passed">PASSED</td>
                <td>2.916</td>
            </tr>

            <tr>
                <td>test_integration_with_real_parallel_processing</td>
                <td>tests.unit.core.file_parser.test_csv_parser_parallel.TestCSVParserParallel</td>
                <td class="failed">FAILED</td>
                <td>3.506</td>
            </tr>

            <tr>
                <td colspan="4">
                    <div class="details error-details">
                        <strong>:</strong> assert {0.3904247292299001, 0.8638473603540636, 0.4319310141373116, 0.3403409750935654, 0.2085614551182818, 0.9644229988008124, 0.6196397269655066, 0.441499483103855, 0.7219018866252881, 0.6649335453474553} == {0.3904247292299001, 0.8638473603540636, 0.20856145511828184, 0.4319310141373116, 0.3403409750935654, 0.9644229988008124, 0.6196397269655066, 0.441499483103855, 0.7219018866252881, 0.6649335453474553}
  Extra items in the left set:
  0.2085614551182818
  Extra items in the right set:
  0.20856145511828184
  Full diff:
    {
  -  0.20856145511828184,
  ?                    -
  +  0.2085614551182818,
     0.3403409750935654,
     0.3904247292299001,
     0.4319310141373116,
     0.441499483103855,
     0.6196397269655066,
     0.6649335453474553,
     0.7219018866252881,
     0.8638473603540636,
     0.9644229988008124,
    }
                        tests/unit/core/file_parser/test_csv_parser_parallel.py:172: in test_integration_with_real_parallel_processing
    assert set(result[col].iloc[:10]) == set(df[col].iloc[:10])
E   assert {0.3904247292299001, 0.8638473603540636, 0.4319310141373116, 0.3403409750935654, 0.2085614551182818, 0.9644229988008124, 0.6196397269655066, 0.441499483103855, 0.7219018866252881, 0.6649335453474553} == {0.3904247292299001, 0.8638473603540636, 0.20856145511828184, 0.4319310141373116, 0.3403409750935654, 0.9644229988008124, 0.6196397269655066, 0.441499483103855, 0.7219018866252881, 0.6649335453474553}
E     Extra items in the left set:
E     0.2085614551182818
E     Extra items in the right set:
E     0.20856145511828184
E     Full diff:
E       {
E     -  0.20856145511828184,
E     ?                    -
E     +  0.2085614551182818,
E        0.3403409750935654,
E        0.3904247292299001,
E        0.4319310141373116,
E        0.441499483103855,
E        0.6196397269655066,
E        0.6649335453474553,
E        0.7219018866252881,
E        0.8638473603540636,
E        0.9644229988008124,
E       }
                    </div>
                </td>
            </tr>

            <tr>
                <td>test_error_handling_during_parallel_processing</td>
                <td>tests.unit.core.file_parser.test_csv_parser_parallel.TestCSVParserParallel</td>
                <td class="passed">PASSED</td>
                <td>2.684</td>
            </tr>

            <tr>
                <td>test_parse_large_file_with_parallel_processing</td>
                <td>tests.unit.core.file_parser.test_excel_parser_parallel.TestExcelParserParallel</td>
                <td class="passed">PASSED</td>
                <td>1.545</td>
            </tr>

            <tr>
                <td>test_parse_very_large_file_with_sheet_partitioning</td>
                <td>tests.unit.core.file_parser.test_excel_parser_parallel.TestExcelParserParallel</td>
                <td class="failed">FAILED</td>
                <td>1.530</td>
            </tr>

            <tr>
                <td colspan="4">
                    <div class="details error-details">
                        <strong>:</strong> assert 999 == 1000
 +  where 999 = len(     25  16  X  0.2696303437577553\n0    50  49  Z            0.511054\n1    12  62  X            0.708041\n2    76  34  Z            0.584414\n3    53  98  Z            0.199611\n4    94   2  X            0.329627\n..   ..  .. ..                 ...\n994  48  35  Y            0.018645\n995  63  22  Y            0.055836\n996  21  91  Z            0.745890\n997   8  52  Z            0.709806\n998  17  65  Z            0.628581\n\n[999 rows x 4 columns])
 +  and   1000 = len(      A   B  C         D\n0    25  16  X  0.269630\n1    50  49  Z  0.511054\n2    12  62  X  0.708041\n3    76  34  Z  0.584414\n4    53  98  Z  0.199611\n..   ..  .. ..       ...\n995  48  35  Y  0.018645\n996  63  22  Y  0.055836\n997  21  91  Z  0.745890\n998   8  52  Z  0.709806\n999  17  65  Z  0.628581\n\n[1000 rows x 4 columns])
                        tests/unit/core/file_parser/test_excel_parser_parallel.py:112: in test_parse_very_large_file_with_sheet_partitioning
    assert len(result) == len(df)
E   assert 999 == 1000
E    +  where 999 = len(     25  16  X  0.2696303437577553\n0    50  49  Z            0.511054\n1    12  62  X            0.708041\n2    76  34  Z            0.584414\n3    53  98  Z            0.199611\n4    94   2  X            0.329627\n..   ..  .. ..                 ...\n994  48  35  Y            0.018645\n995  63  22  Y            0.055836\n996  21  91  Z            0.745890\n997   8  52  Z            0.709806\n998  17  65  Z            0.628581\n\n[999 rows x 4 columns])
E    +  and   1000 = len(      A   B  C         D\n0    25  16  X  0.269630\n1    50  49  Z  0.511054\n2    12  62  X  0.708041\n3    76  34  Z  0.584414\n4    53  98  Z  0.199611\n..   ..  .. ..       ...\n995  48  35  Y  0.018645\n996  63  22  Y  0.055836\n997  21  91  Z  0.745890\n998   8  52  Z  0.709806\n999  17  65  Z  0.628581\n\n[1000 rows x 4 columns])
                    </div>
                </td>
            </tr>

            <tr>
                <td>test_parse_small_file_without_parallel_processing</td>
                <td>tests.unit.core.file_parser.test_excel_parser_parallel.TestExcelParserParallel</td>
                <td class="passed">PASSED</td>
                <td>1.249</td>
            </tr>

            <tr>
                <td>test_can_partition_sheet</td>
                <td>tests.unit.core.file_parser.test_excel_parser_parallel.TestExcelParserParallel</td>
                <td class="passed">PASSED</td>
                <td>0.258</td>
            </tr>

            <tr>
                <td>test_estimate_row_count</td>
                <td>tests.unit.core.file_parser.test_excel_parser_parallel.TestExcelParserParallel</td>
                <td class="passed">PASSED</td>
                <td>0.232</td>
            </tr>

            <tr>
                <td>test_error_handling_during_parallel_processing</td>
                <td>tests.unit.core.file_parser.test_excel_parser_parallel.TestExcelParserParallel</td>
                <td class="passed">PASSED</td>
                <td>1.651</td>
            </tr>

            <tr>
                <td>test_init</td>
                <td>tests.unit.core.file_parser.test_json_parser.TestJSONParser</td>
                <td class="passed">PASSED</td>
                <td>0.106</td>
            </tr>

            <tr>
                <td>test_parse_array</td>
                <td>tests.unit.core.file_parser.test_json_parser.TestJSONParser</td>
                <td class="passed">PASSED</td>
                <td>0.106</td>
            </tr>

            <tr>
                <td>test_parse_object</td>
                <td>tests.unit.core.file_parser.test_json_parser.TestJSONParser</td>
                <td class="passed">PASSED</td>
                <td>0.108</td>
            </tr>

            <tr>
                <td>test_parse_nested</td>
                <td>tests.unit.core.file_parser.test_json_parser.TestJSONParser</td>
                <td class="passed">PASSED</td>
                <td>0.116</td>
            </tr>

            <tr>
                <td>test_parse_empty</td>
                <td>tests.unit.core.file_parser.test_json_parser.TestJSONParser</td>
                <td class="passed">PASSED</td>
                <td>0.123</td>
            </tr>

            <tr>
                <td>test_error_handling</td>
                <td>tests.unit.core.file_parser.test_json_parser.TestJSONParser</td>
                <td class="passed">PASSED</td>
                <td>0.109</td>
            </tr>

            <tr>
                <td>test_create_parser_csv</td>
                <td>tests.unit.core.file_parser.test_parser_factory.TestParserFactory</td>
                <td class="passed">PASSED</td>
                <td>0.513</td>
            </tr>

            <tr>
                <td>test_create_parser_json</td>
                <td>tests.unit.core.file_parser.test_parser_factory.TestParserFactory</td>
                <td class="passed">PASSED</td>
                <td>0.415</td>
            </tr>

            <tr>
                <td>test_create_parser_xml</td>
                <td>tests.unit.core.file_parser.test_parser_factory.TestParserFactory</td>
                <td class="passed">PASSED</td>
                <td>0.433</td>
            </tr>

            <tr>
                <td>test_file_not_found</td>
                <td>tests.unit.core.file_parser.test_parser_factory.TestParserFactory</td>
                <td class="passed">PASSED</td>
                <td>0.107</td>
            </tr>

            <tr>
                <td>test_fallback_detection</td>
                <td>tests.unit.core.file_parser.test_parser_factory.TestParserFactory</td>
                <td class="passed">PASSED</td>
                <td>0.541</td>
            </tr>

            <tr>
                <td>test_detect_parser_by_content</td>
                <td>tests.unit.core.file_parser.test_parser_factory.TestParserFactory</td>
                <td class="passed">PASSED</td>
                <td>0.853</td>
            </tr>

            <tr>
                <td>test_default_to_csv</td>
                <td>tests.unit.core.file_parser.test_parser_factory.TestParserFactory</td>
                <td class="failed">FAILED</td>
                <td>0.319</td>
            </tr>

            <tr>
                <td colspan="4">
                    <div class="details error-details">
                        <strong>:</strong> TypeError: <lambda>() missing 1 required positional argument: 'path'
                        tests/unit/core/file_parser/test_parser_factory.py:72: in test_default_to_csv
    parser = ParserFactory.create_parser(unknown_file)
core/file_parser/parser_factory.py:92: in create_parser
    parser_class = cls._detect_parser_by_content(file_path)
E   TypeError: <lambda>() missing 1 required positional argument: 'path'
                    </div>
                </td>
            </tr>

            <tr>
                <td>test_init</td>
                <td>tests.unit.core.file_parser.test_xml_parser.TestXMLParser</td>
                <td class="passed">PASSED</td>
                <td>0.103</td>
            </tr>

            <tr>
                <td>test_parse</td>
                <td>tests.unit.core.file_parser.test_xml_parser.TestXMLParser</td>
                <td class="passed">PASSED</td>
                <td>0.110</td>
            </tr>

            <tr>
                <td>test_detect_record_path</td>
                <td>tests.unit.core.file_parser.test_xml_parser.TestXMLParser</td>
                <td class="passed">PASSED</td>
                <td>0.115</td>
            </tr>

            <tr>
                <td>test_parse_with_attributes</td>
                <td>tests.unit.core.file_parser.test_xml_parser.TestXMLParser</td>
                <td class="passed">PASSED</td>
                <td>0.123</td>
            </tr>

            <tr>
                <td>test_parse_as_single_record</td>
                <td>tests.unit.core.file_parser.test_xml_parser.TestXMLParser</td>
                <td class="passed">PASSED</td>
                <td>0.128</td>
            </tr>

            <tr>
                <td>test_error_handling</td>
                <td>tests.unit.core.file_parser.test_xml_parser.TestXMLParser</td>
                <td class="passed">PASSED</td>
                <td>0.114</td>
            </tr>

            <tr>
                <td>test_init_with_adaptive_cache</td>
                <td>tests.unit.core.llm.test_distilbert_client.TestDistilBERTClient</td>
                <td class="passed">PASSED</td>
                <td>0.313</td>
            </tr>

            <tr>
                <td>test_init_with_standard_cache</td>
                <td>tests.unit.core.llm.test_distilbert_client.TestDistilBERTClient</td>
                <td class="passed">PASSED</td>
                <td>0.308</td>
            </tr>

            <tr>
                <td>test_init_with_rate_limiting</td>
                <td>tests.unit.core.llm.test_distilbert_client.TestDistilBERTClient</td>
                <td class="passed">PASSED</td>
                <td>0.306</td>
            </tr>

            <tr>
                <td>test_init_without_rate_limiting</td>
                <td>tests.unit.core.llm.test_distilbert_client.TestDistilBERTClient</td>
                <td class="passed">PASSED</td>
                <td>0.208</td>
            </tr>

            <tr>
                <td>test_generate_response_with_cache_hit</td>
                <td>tests.unit.core.llm.test_distilbert_client.TestDistilBERTClient</td>
                <td class="passed">PASSED</td>
                <td>0.419</td>
            </tr>

            <tr>
                <td>test_generate_response_with_rate_limiting</td>
                <td>tests.unit.core.llm.test_distilbert_client.TestDistilBERTClient</td>
                <td class="passed">PASSED</td>
                <td>0.739</td>
            </tr>

            <tr>
                <td>test_generate_response_with_rate_limiting_exceeded</td>
                <td>tests.unit.core.llm.test_distilbert_client.TestDistilBERTClient</td>
                <td class="passed">PASSED</td>
                <td>0.741</td>
            </tr>

            <tr>
                <td>test_get_stats</td>
                <td>tests.unit.core.llm.test_distilbert_client.TestDistilBERTClient</td>
                <td class="passed">PASSED</td>
                <td>0.321</td>
            </tr>

            <tr>
                <td>test_batch_generate</td>
                <td>tests.unit.core.llm.test_distilbert_client.TestDistilBERTClient</td>
                <td class="passed">PASSED</td>
                <td>0.329</td>
            </tr>

            <tr>
                <td>test_process_masked_chunk</td>
                <td>tests.unit.core.llm.test_distilbert_client.TestDistilBERTClient</td>
                <td class="passed">PASSED</td>
                <td>0.328</td>
            </tr>

            <tr>
                <td>test_init_with_adaptive_cache</td>
                <td>tests.unit.core.llm.test_gpt_client.TestGPTClient</td>
                <td class="passed">PASSED</td>
                <td>0.114</td>
            </tr>

            <tr>
                <td>test_init_with_standard_cache</td>
                <td>tests.unit.core.llm.test_gpt_client.TestGPTClient</td>
                <td class="passed">PASSED</td>
                <td>0.112</td>
            </tr>

            <tr>
                <td>test_init_with_rate_limiting</td>
                <td>tests.unit.core.llm.test_gpt_client.TestGPTClient</td>
                <td class="passed">PASSED</td>
                <td>0.113</td>
            </tr>

            <tr>
                <td>test_init_without_rate_limiting</td>
                <td>tests.unit.core.llm.test_gpt_client.TestGPTClient</td>
                <td class="passed">PASSED</td>
                <td>0.112</td>
            </tr>

            <tr>
                <td>test_generate_response_with_cache_hit</td>
                <td>tests.unit.core.llm.test_gpt_client.TestGPTClient</td>
                <td class="passed">PASSED</td>
                <td>0.114</td>
            </tr>

            <tr>
                <td>test_generate_response_with_rate_limiting</td>
                <td>tests.unit.core.llm.test_gpt_client.TestGPTClient</td>
                <td class="passed">PASSED</td>
                <td>0.120</td>
            </tr>

            <tr>
                <td>test_generate_response_with_rate_limiting_exceeded</td>
                <td>tests.unit.core.llm.test_gpt_client.TestGPTClient</td>
                <td class="passed">PASSED</td>
                <td>0.124</td>
            </tr>

            <tr>
                <td>test_get_stats_with_rate_limiter</td>
                <td>tests.unit.core.llm.test_gpt_client.TestGPTClient</td>
                <td class="passed">PASSED</td>
                <td>0.117</td>
            </tr>

            <tr>
                <td>test_batch_generate</td>
                <td>tests.unit.core.llm.test_gpt_client.TestGPTClient</td>
                <td class="passed">PASSED</td>
                <td>0.116</td>
            </tr>

            <tr>
                <td>test_get_model_type_explicit</td>
                <td>tests.unit.core.llm.test_llm_factory.TestLLMFactory</td>
                <td class="passed">PASSED</td>
                <td>0.002</td>
            </tr>

            <tr>
                <td>test_get_model_type_from_id</td>
                <td>tests.unit.core.llm.test_llm_factory.TestLLMFactory</td>
                <td class="passed">PASSED</td>
                <td>0.001</td>
            </tr>

            <tr>
                <td>test_get_model_type_default</td>
                <td>tests.unit.core.llm.test_llm_factory.TestLLMFactory</td>
                <td class="passed">PASSED</td>
                <td>0.001</td>
            </tr>

            <tr>
                <td>test_get_available_models</td>
                <td>tests.unit.core.llm.test_llm_factory.TestLLMFactory</td>
                <td class="passed">PASSED</td>
                <td>0.001</td>
            </tr>

            <tr>
                <td>test_init_with_adaptive_cache</td>
                <td>tests.unit.core.llm.test_phi_client.TestPhiClient</td>
                <td class="passed">PASSED</td>
                <td>0.112</td>
            </tr>

            <tr>
                <td>test_init_with_standard_cache</td>
                <td>tests.unit.core.llm.test_phi_client.TestPhiClient</td>
                <td class="passed">PASSED</td>
                <td>0.109</td>
            </tr>

            <tr>
                <td>test_init_with_rate_limiting</td>
                <td>tests.unit.core.llm.test_phi_client.TestPhiClient</td>
                <td class="passed">PASSED</td>
                <td>0.113</td>
            </tr>

            <tr>
                <td>test_init_without_rate_limiting</td>
                <td>tests.unit.core.llm.test_phi_client.TestPhiClient</td>
                <td class="passed">PASSED</td>
                <td>0.110</td>
            </tr>

            <tr>
                <td>test_generate_response_with_cache_hit</td>
                <td>tests.unit.core.llm.test_phi_client.TestPhiClient</td>
                <td class="passed">PASSED</td>
                <td>0.117</td>
            </tr>

            <tr>
                <td>test_generate_response_with_rate_limiting</td>
                <td>tests.unit.core.llm.test_phi_client.TestPhiClient</td>
                <td class="passed">PASSED</td>
                <td>0.123</td>
            </tr>

            <tr>
                <td>test_generate_response_with_rate_limiting_exceeded</td>
                <td>tests.unit.core.llm.test_phi_client.TestPhiClient</td>
                <td class="passed">PASSED</td>
                <td>0.115</td>
            </tr>

            <tr>
                <td>test_get_stats_with_rate_limiter</td>
                <td>tests.unit.core.llm.test_phi_client.TestPhiClient</td>
                <td class="passed">PASSED</td>
                <td>0.115</td>
            </tr>

            <tr>
                <td>test_batch_generate</td>
                <td>tests.unit.core.llm.test_phi_client.TestPhiClient</td>
                <td class="passed">PASSED</td>
                <td>0.116</td>
            </tr>

            <tr>
                <td>test_init</td>
                <td>tests.unit.services.mapping.test_field_mapper.TestFieldMapper</td>
                <td class="passed">PASSED</td>
                <td>0.855</td>
            </tr>

            <tr>
                <td>test_map</td>
                <td>tests.unit.services.mapping.test_field_mapper.TestFieldMapper</td>
                <td class="passed">PASSED</td>
                <td>3.363</td>
            </tr>

            <tr>
                <td>test_map_fields</td>
                <td>tests.unit.services.mapping.test_field_mapper.TestFieldMapper</td>
                <td class="skipped">SKIPPED</td>
                <td>0.000</td>
            </tr>

            <tr>
                <td>test_apply_mappings</td>
                <td>tests.unit.services.mapping.test_field_mapper.TestFieldMapper</td>
                <td class="passed">PASSED</td>
                <td>0.431</td>
            </tr>

            <tr>
                <td>test_handle_missing_required_fields</td>
                <td>tests.unit.services.mapping.test_field_mapper.TestFieldMapper</td>
                <td class="passed">PASSED</td>
                <td>0.444</td>
            </tr>

            <tr>
                <td>test_direct_mapping</td>
                <td>tests.unit.services.mapping.test_field_mapper_simple.TestFieldMapperSimple</td>
                <td class="passed">PASSED</td>
                <td>0.001</td>
            </tr>

            <tr>
                <td>test_apply_mappings_dict</td>
                <td>tests.unit.services.mapping.test_field_mapper_simple.TestFieldMapperSimple</td>
                <td class="passed">PASSED</td>
                <td>0.428</td>
            </tr>

            <tr>
                <td>test_init</td>
                <td>tests.unit.services.normalization.test_value_normalizer.TestValueNormalizer</td>
                <td class="passed">PASSED</td>
                <td>0.001</td>
            </tr>

            <tr>
                <td>test_normalize</td>
                <td>tests.unit.services.normalization.test_value_normalizer.TestValueNormalizer</td>
                <td class="passed">PASSED</td>
                <td>0.019</td>
            </tr>

            <tr>
                <td>test_normalize_prices</td>
                <td>tests.unit.services.normalization.test_value_normalizer.TestValueNormalizer</td>
                <td class="failed">FAILED</td>
                <td>0.003</td>
            </tr>

            <tr>
                <td colspan="4">
                    <div class="details error-details">
                        <strong>:</strong> AssertionError: assert False
 +  where False = isinstance('$349.99', (<class 'int'>, <class 'float'>))
                        tests/unit/services/normalization/test_value_normalizer.py:89: in test_normalize_prices
    assert isinstance(result.iloc[0]['MSRP'], (int, float))
E   AssertionError: assert False
E    +  where False = isinstance('$349.99', (<class 'int'>, <class 'float'>))
                    </div>
                </td>
            </tr>

            <tr>
                <td>test_normalize_text_fields</td>
                <td>tests.unit.services.normalization.test_value_normalizer.TestValueNormalizer</td>
                <td class="passed">PASSED</td>
                <td>0.002</td>
            </tr>

            <tr>
                <td>test_normalize_ids</td>
                <td>tests.unit.services.normalization.test_value_normalizer.TestValueNormalizer</td>
                <td class="failed">FAILED</td>
                <td>0.002</td>
            </tr>

            <tr>
                <td colspan="4">
                    <div class="details error-details">
                        <strong>:</strong> AssertionError: assert '1234-5678-9012' == '123456789012'
  - 123456789012
  + 1234-5678-9012
  ?     +    +
                        tests/unit/services/normalization/test_value_normalizer.py:150: in test_normalize_ids
    assert result.iloc[1]['UPC'] == '123456789012'
E   AssertionError: assert '1234-5678-9012' == '123456789012'
E     - 123456789012
E     + 1234-5678-9012
E     ?     +    +
                    </div>
                </td>
            </tr>

            <tr>
                <td>test_init</td>
                <td>tests.unit.services.structure.test_structure_analyzer.TestStructureAnalyzer</td>
                <td class="passed">PASSED</td>
                <td>0.424</td>
            </tr>

            <tr>
                <td>test_analyze</td>
                <td>tests.unit.services.structure.test_structure_analyzer.TestStructureAnalyzer</td>
                <td class="passed">PASSED</td>
                <td>0.963</td>
            </tr>

            <tr>
                <td>test_analyze_empty_dataframe</td>
                <td>tests.unit.services.structure.test_structure_analyzer.TestStructureAnalyzer</td>
                <td class="passed">PASSED</td>
                <td>1.729</td>
            </tr>

            <tr>
                <td>test_analyze_with_missing_values</td>
                <td>tests.unit.services.structure.test_structure_analyzer.TestStructureAnalyzer</td>
                <td class="failed">FAILED</td>
                <td>1.170</td>
            </tr>

            <tr>
                <td colspan="4">
                    <div class="details error-details">
                        <strong>:</strong> AssertionError: assert 'missing_values' in {' data _ characteristics ': ' characteristics of the data ', ' potential _ mapping ': ' potential mapping to standard schema ', ' purpose ': ' purposeof this column ', 'column_analysis': {}, ...}
                        tests/unit/services/structure/test_structure_analyzer.py:99: in test_analyze_with_missing_values
    assert 'missing_values' in result
E   AssertionError: assert 'missing_values' in {' data _ characteristics ': ' characteristics of the data ', ' potential _ mapping ': ' potential mapping to standard schema ', ' purpose ': ' purposeof this column ', 'column_analysis': {}, ...}
                    </div>
                </td>
            </tr>

            <tr>
                <td>test_analyze_with_mixed_types</td>
                <td>tests.unit.services.structure.test_structure_analyzer.TestStructureAnalyzer</td>
                <td class="failed">FAILED</td>
                <td>31.288</td>
            </tr>

            <tr>
                <td colspan="4">
                    <div class="details error-details">
                        <strong>:</strong> AssertionError: assert 'integer' in ['boolean', 'binary']
                        tests/unit/services/structure/test_structure_analyzer.py:144: in test_analyze_with_mixed_types
    assert column_types['Boolean']['type'] in ['boolean', 'binary']
E   AssertionError: assert 'integer' in ['boolean', 'binary']
                    </div>
                </td>
            </tr>

            <tr>
                <td>test_detect_column_types</td>
                <td>tests.unit.services.structure.test_structure_analyzer.TestStructureAnalyzer</td>
                <td class="failed">FAILED</td>
                <td>0.451</td>
            </tr>

            <tr>
                <td colspan="4">
                    <div class="details error-details">
                        <strong>:</strong> AssertionError: assert 'integer' in ['boolean', 'binary']
                        tests/unit/services/structure/test_structure_analyzer.py:175: in test_detect_column_types
    assert result['In Stock']['type'] in ['boolean', 'binary']
E   AssertionError: assert 'integer' in ['boolean', 'binary']
                    </div>
                </td>
            </tr>

            <tr>
                <td>test_parallel_imports</td>
                <td>tests.unit.utils.test_imports.TestImports</td>
                <td class="passed">PASSED</td>
                <td>0.001</td>
            </tr>

            <tr>
                <td>test_rate_limiting_imports</td>
                <td>tests.unit.utils.test_imports.TestImports</td>
                <td class="passed">PASSED</td>
                <td>0.001</td>
            </tr>

            <tr>
                <td>test_caching_imports</td>
                <td>tests.unit.utils.test_imports.TestImports</td>
                <td class="passed">PASSED</td>
                <td>0.000</td>
            </tr>

            <tr>
                <td>test_phi_client_imports</td>
                <td>tests.unit.utils.test_imports.TestImports</td>
                <td class="passed">PASSED</td>
                <td>0.118</td>
            </tr>

            <tr>
                <td>test_gpt_client_imports</td>
                <td>tests.unit.utils.test_imports.TestImports</td>
                <td class="passed">PASSED</td>
                <td>0.113</td>
            </tr>

            <tr>
                <td>test_llm_factory_imports</td>
                <td>tests.unit.utils.test_imports.TestImports</td>
                <td class="failed">FAILED</td>
                <td>0.002</td>
            </tr>

            <tr>
                <td colspan="4">
                    <div class="details error-details">
                        <strong>:</strong> AssertionError: assert 'phi' in {'distilbert': <class 'core.llm.distilbert_client.DistilBERTClient'>, 'dummy': <class 'core.llm.dummy_client.DummyLLMClient'>, 'gpt2': <class 'core.llm.gpt_client.GPTClient'>}
 +  where {'distilbert': <class 'core.llm.distilbert_client.DistilBERTClient'>, 'dummy': <class 'core.llm.dummy_client.DummyLLMClient'>, 'gpt2': <class 'core.llm.gpt_client.GPTClient'>} = <class 'core.llm.llm_factory.LLMFactory'>.CLIENT_MAP
                        tests/unit/utils/test_imports.py:113: in test_llm_factory_imports
    assert "phi" in LLMFactory.CLIENT_MAP
E   AssertionError: assert 'phi' in {'distilbert': <class 'core.llm.distilbert_client.DistilBERTClient'>, 'dummy': <class 'core.llm.dummy_client.DummyLLMClient'>, 'gpt2': <class 'core.llm.gpt_client.GPTClient'>}
E    +  where {'distilbert': <class 'core.llm.distilbert_client.DistilBERTClient'>, 'dummy': <class 'core.llm.dummy_client.DummyLLMClient'>, 'gpt2': <class 'core.llm.gpt_client.GPTClient'>} = <class 'core.llm.llm_factory.LLMFactory'>.CLIENT_MAP
                    </div>
                </td>
            </tr>

            <tr>
                <td>test_csv_parser_imports</td>
                <td>tests.unit.utils.test_imports.TestImports</td>
                <td class="passed">PASSED</td>
                <td>0.001</td>
            </tr>

            <tr>
                <td>test_excel_parser_imports</td>
                <td>tests.unit.utils.test_imports.TestImports</td>
                <td class="passed">PASSED</td>
                <td>0.001</td>
            </tr>

            <tr>
                <td>test_init</td>
                <td>tests.unit.utils.caching.test_adaptive_cache.TestCacheEntry</td>
                <td class="passed">PASSED</td>
                <td>0.001</td>
            </tr>

            <tr>
                <td>test_is_expired</td>
                <td>tests.unit.utils.caching.test_adaptive_cache.TestCacheEntry</td>
                <td class="passed">PASSED</td>
                <td>0.205</td>
            </tr>

            <tr>
                <td>test_access</td>
                <td>tests.unit.utils.caching.test_adaptive_cache.TestCacheEntry</td>
                <td class="passed">PASSED</td>
                <td>0.001</td>
            </tr>

            <tr>
                <td>test_access_pattern_limit</td>
                <td>tests.unit.utils.caching.test_adaptive_cache.TestCacheEntry</td>
                <td class="passed">PASSED</td>
                <td>0.001</td>
            </tr>

            <tr>
                <td>test_get_access_frequency</td>
                <td>tests.unit.utils.caching.test_adaptive_cache.TestCacheEntry</td>
                <td class="passed">PASSED</td>
                <td>0.124</td>
            </tr>

            <tr>
                <td>test_get_recency_score</td>
                <td>tests.unit.utils.caching.test_adaptive_cache.TestCacheEntry</td>
                <td class="passed">PASSED</td>
                <td>0.002</td>
            </tr>

            <tr>
                <td>test_calculate_optimal_ttl</td>
                <td>tests.unit.utils.caching.test_adaptive_cache.TestCacheEntry</td>
                <td class="passed">PASSED</td>
                <td>0.001</td>
            </tr>

            <tr>
                <td>test_init</td>
                <td>tests.unit.utils.caching.test_adaptive_cache.TestAdaptiveCache</td>
                <td class="passed">PASSED</td>
                <td>0.002</td>
            </tr>

            <tr>
                <td>test_get_set_basic</td>
                <td>tests.unit.utils.caching.test_adaptive_cache.TestAdaptiveCache</td>
                <td class="passed">PASSED</td>
                <td>0.002</td>
            </tr>

            <tr>
                <td>test_expiration</td>
                <td>tests.unit.utils.caching.test_adaptive_cache.TestAdaptiveCache</td>
                <td class="passed">PASSED</td>
                <td>0.204</td>
            </tr>

            <tr>
                <td>test_complex_keys</td>
                <td>tests.unit.utils.caching.test_adaptive_cache.TestAdaptiveCache</td>
                <td class="passed">PASSED</td>
                <td>0.003</td>
            </tr>

            <tr>
                <td>test_eviction</td>
                <td>tests.unit.utils.caching.test_adaptive_cache.TestAdaptiveCache</td>
                <td class="passed">PASSED</td>
                <td>0.002</td>
            </tr>

            <tr>
                <td>test_adaptive_ttl</td>
                <td>tests.unit.utils.caching.test_adaptive_cache.TestAdaptiveCache</td>
                <td class="passed">PASSED</td>
                <td>0.123</td>
            </tr>

            <tr>
                <td>test_clear</td>
                <td>tests.unit.utils.caching.test_adaptive_cache.TestAdaptiveCache</td>
                <td class="passed">PASSED</td>
                <td>0.002</td>
            </tr>

            <tr>
                <td>test_get_stats</td>
                <td>tests.unit.utils.caching.test_adaptive_cache.TestAdaptiveCache</td>
                <td class="passed">PASSED</td>
                <td>0.002</td>
            </tr>

            <tr>
                <td>test_concurrent_access</td>
                <td>tests.unit.utils.caching.test_adaptive_cache.TestAdaptiveCache</td>
                <td class="passed">PASSED</td>
                <td>0.005</td>
            </tr>

            <tr>
                <td>test_init</td>
                <td>tests.unit.utils.parallel.test_parallel_processor.TestParallelProcessor</td>
                <td class="passed">PASSED</td>
                <td>0.001</td>
            </tr>

            <tr>
                <td>test_process_dataframe_small</td>
                <td>tests.unit.utils.parallel.test_parallel_processor.TestParallelProcessor</td>
                <td class="passed">PASSED</td>
                <td>0.111</td>
            </tr>

            <tr>
                <td>test_process_dataframe_large</td>
                <td>tests.unit.utils.parallel.test_parallel_processor.TestParallelProcessor</td>
                <td class="passed">PASSED</td>
                <td>1.310</td>
            </tr>

            <tr>
                <td>test_process_dataframe_with_custom_merge</td>
                <td>tests.unit.utils.parallel.test_parallel_processor.TestParallelProcessor</td>
                <td class="passed">PASSED</td>
                <td>0.774</td>
            </tr>

            <tr>
                <td>test_process_file_csv</td>
                <td>tests.unit.utils.parallel.test_parallel_processor.TestParallelProcessor</td>
                <td class="passed">PASSED</td>
                <td>0.768</td>
            </tr>

            <tr>
                <td>test_executor_type</td>
                <td>tests.unit.utils.parallel.test_parallel_processor.TestParallelProcessor</td>
                <td class="passed">PASSED</td>
                <td>0.002</td>
            </tr>

            <tr>
                <td>test_process_chunks</td>
                <td>tests.unit.utils.parallel.test_parallel_processor.TestParallelProcessor</td>
                <td class="passed">PASSED</td>
                <td>1.173</td>
            </tr>

            <tr>
                <td>test_error_handling</td>
                <td>tests.unit.utils.parallel.test_parallel_processor.TestParallelProcessor</td>
                <td class="passed">PASSED</td>
                <td>0.317</td>
            </tr>

            <tr>
                <td>test_init</td>
                <td>tests.unit.utils.parsers.test_json_utility_parser.TestJSONParser</td>
                <td class="passed">PASSED</td>
                <td>0.000</td>
            </tr>

            <tr>
                <td>test_parse_json</td>
                <td>tests.unit.utils.parsers.test_json_utility_parser.TestJSONParser</td>
                <td class="passed">PASSED</td>
                <td>0.000</td>
            </tr>

            <tr>
                <td>test_parse_json_in_code_block</td>
                <td>tests.unit.utils.parsers.test_json_utility_parser.TestJSONParser</td>
                <td class="passed">PASSED</td>
                <td>0.000</td>
            </tr>

            <tr>
                <td>test_parse_json_with_single_quotes</td>
                <td>tests.unit.utils.parsers.test_json_utility_parser.TestJSONParser</td>
                <td class="passed">PASSED</td>
                <td>0.001</td>
            </tr>

            <tr>
                <td>test_parse_json_with_unquoted_keys</td>
                <td>tests.unit.utils.parsers.test_json_utility_parser.TestJSONParser</td>
                <td class="passed">PASSED</td>
                <td>0.000</td>
            </tr>

            <tr>
                <td>test_parse_invalid_json</td>
                <td>tests.unit.utils.parsers.test_json_utility_parser.TestJSONParser</td>
                <td class="passed">PASSED</td>
                <td>0.001</td>
            </tr>

            <tr>
                <td>test_extract_json_blocks</td>
                <td>tests.unit.utils.parsers.test_json_utility_parser.TestJSONParser</td>
                <td class="passed">PASSED</td>
                <td>0.000</td>
            </tr>

            <tr>
                <td>test_extract_and_fix_json</td>
                <td>tests.unit.utils.parsers.test_json_utility_parser.TestJSONParser</td>
                <td class="passed">PASSED</td>
                <td>0.000</td>
            </tr>

            <tr>
                <td>test_init</td>
                <td>tests.unit.utils.parsers.test_yaml_parser.TestYAMLParser</td>
                <td class="passed">PASSED</td>
                <td>0.000</td>
            </tr>

            <tr>
                <td>test_parse_yaml</td>
                <td>tests.unit.utils.parsers.test_yaml_parser.TestYAMLParser</td>
                <td class="passed">PASSED</td>
                <td>0.002</td>
            </tr>

            <tr>
                <td>test_parse_yaml_in_code_block</td>
                <td>tests.unit.utils.parsers.test_yaml_parser.TestYAMLParser</td>
                <td class="passed">PASSED</td>
                <td>0.001</td>
            </tr>

            <tr>
                <td>test_parse_yaml_in_generic_block</td>
                <td>tests.unit.utils.parsers.test_yaml_parser.TestYAMLParser</td>
                <td class="passed">PASSED</td>
                <td>0.001</td>
            </tr>

            <tr>
                <td>test_parse_invalid_yaml</td>
                <td>tests.unit.utils.parsers.test_yaml_parser.TestYAMLParser</td>
                <td class="passed">PASSED</td>
                <td>0.001</td>
            </tr>

            <tr>
                <td>test_parse_empty_input</td>
                <td>tests.unit.utils.parsers.test_yaml_parser.TestYAMLParser</td>
                <td class="passed">PASSED</td>
                <td>0.001</td>
            </tr>

            <tr>
                <td>test_extract_yaml_blocks</td>
                <td>tests.unit.utils.parsers.test_yaml_parser.TestYAMLParser</td>
                <td class="passed">PASSED</td>
                <td>0.000</td>
            </tr>

            <tr>
                <td>test_init</td>
                <td>tests.unit.utils.rate_limiting.test_rate_limiter.TestTokenBucket</td>
                <td class="passed">PASSED</td>
                <td>0.000</td>
            </tr>

            <tr>
                <td>test_add_tokens</td>
                <td>tests.unit.utils.rate_limiting.test_rate_limiter.TestTokenBucket</td>
                <td class="passed">PASSED</td>
                <td>0.000</td>
            </tr>

            <tr>
                <td>test_consume_immediate</td>
                <td>tests.unit.utils.rate_limiting.test_rate_limiter.TestTokenBucket</td>
                <td class="passed">PASSED</td>
                <td>0.102</td>
            </tr>

            <tr>
                <td>test_consume_wait</td>
                <td>tests.unit.utils.rate_limiting.test_rate_limiter.TestTokenBucket</td>
                <td class="passed">PASSED</td>
                <td>0.323</td>
            </tr>

            <tr>
                <td>test_get_status</td>
                <td>tests.unit.utils.rate_limiting.test_rate_limiter.TestTokenBucket</td>
                <td class="passed">PASSED</td>
                <td>0.000</td>
            </tr>

            <tr>
                <td>test_init</td>
                <td>tests.unit.utils.rate_limiting.test_rate_limiter.TestRateLimiter</td>
                <td class="passed">PASSED</td>
                <td>0.000</td>
            </tr>

            <tr>
                <td>test_limit_decorator</td>
                <td>tests.unit.utils.rate_limiting.test_rate_limiter.TestRateLimiter</td>
                <td class="passed">PASSED</td>
                <td>1.105</td>
            </tr>

            <tr>
                <td>test_token_cost_function</td>
                <td>tests.unit.utils.rate_limiting.test_rate_limiter.TestRateLimiter</td>
                <td class="passed">PASSED</td>
                <td>5.109</td>
            </tr>

            <tr>
                <td>test_concurrent_requests</td>
                <td>tests.unit.utils.rate_limiting.test_rate_limiter.TestRateLimiter</td>
                <td class="passed">PASSED</td>
                <td>5.574</td>
            </tr>

            <tr>
                <td>test_get_stats</td>
                <td>tests.unit.utils.rate_limiting.test_rate_limiter.TestRateLimiter</td>
                <td class="passed">PASSED</td>
                <td>1.111</td>
            </tr>

            <tr>
                <td>test_receive_logs_invalid_content_type</td>
                <td>tests.unit.web.api.test_logging_controller.TestLoggingController</td>
                <td class="passed">PASSED</td>
                <td>0.013</td>
            </tr>

            <tr>
                <td>test_receive_logs_invalid_log_entry</td>
                <td>tests.unit.web.api.test_logging_controller.TestLoggingController</td>
                <td class="passed">PASSED</td>
                <td>0.011</td>
            </tr>

            <tr>
                <td>test_receive_logs_missing_logs_field</td>
                <td>tests.unit.web.api.test_logging_controller.TestLoggingController</td>
                <td class="passed">PASSED</td>
                <td>0.005</td>
            </tr>

            <tr>
                <td>test_receive_logs_server_error</td>
                <td>tests.unit.web.api.test_logging_controller.TestLoggingController</td>
                <td class="passed">PASSED</td>
                <td>0.005</td>
            </tr>

            <tr>
                <td>test_receive_logs_valid_request</td>
                <td>tests.unit.web.api.test_logging_controller.TestLoggingController</td>
                <td class="passed">PASSED</td>
                <td>0.007</td>
            </tr>

        </tbody>
    </table>

    <h2>Frontend Test Details</h2>

    <p class="no-results">No frontend test details available</p>

    <h2>Integration Test Details</h2>

    <table>
        <thead>
            <tr>
                <th>Test</th>
                <th>Class</th>
                <th>Status</th>
                <th>Time (s)</th>
            </tr>
        </thead>
        <tbody>

            <tr>
                <td>test_health_check_with_llm_stats</td>
                <td>tests.integration.test_api_with_optimizations.TestAPIWithOptimizations</td>
                <td class="passed">PASSED</td>
                <td>0.235</td>
            </tr>

        </tbody>
    </table>

</body>
</html>
