<!DOCTYPE html>
<html lang="en">
<head>
    <meta charset="UTF-8">
    <meta name="viewport" content="width=device-width, initial-scale=1.0">
    <title>AV Catalog Converter Test Report</title>
    <style>
        body {
            font-family: Arial, sans-serif;
            line-height: 1.6;
            color: #333;
            max-width: 1200px;
            margin: 0 auto;
            padding: 20px;
        }
        h1, h2, h3 {
            color: #2c3e50;
        }
        .summary {
            display: flex;
            justify-content: space-between;
            margin-bottom: 30px;
        }
        .summary-box {
            background-color: #f8f9fa;
            border-radius: 5px;
            padding: 15px;
            width: 30%;
            box-shadow: 0 2px 5px rgba(0,0,0,0.1);
        }
        .summary-box h3 {
            margin-top: 0;
            border-bottom: 1px solid #ddd;
            padding-bottom: 10px;
        }
        .success-rate {
            font-size: 24px;
            font-weight: bold;
        }
        .high {
            color: #27ae60;
        }
        .medium {
            color: #f39c12;
        }
        .low {
            color: #e74c3c;
        }
        table {
            width: 100%;
            border-collapse: collapse;
            margin-bottom: 30px;
        }
        th, td {
            padding: 12px 15px;
            text-align: left;
            border-bottom: 1px solid #ddd;
        }
        th {
            background-color: #f2f2f2;
            font-weight: bold;
        }
        tr:hover {
            background-color: #f5f5f5;
        }
        .passed {
            color: #27ae60;
        }
        .failed {
            color: #e74c3c;
        }
        .error {
            color: #c0392b;
        }
        .skipped {
            color: #7f8c8d;
        }
        .details {
            background-color: #f8f9fa;
            border-left: 4px solid #ddd;
            padding: 10px;
            margin-top: 5px;
            white-space: pre-wrap;
            font-family: monospace;
            font-size: 12px;
            max-height: 200px;
            overflow-y: auto;
        }
        .error-details {
            border-left-color: #e74c3c;
        }
        .timestamp {
            color: #7f8c8d;
            font-style: italic;
            margin-bottom: 20px;
        }
        .no-results {
            color: #7f8c8d;
            font-style: italic;
            padding: 20px;
            text-align: center;
            background-color: #f8f9fa;
            border-radius: 5px;
        }
    </style>
</head>
<body>
    <h1>AV Catalog Converter Test Report</h1>
    <p class="timestamp">Generated on 2025-05-14 15:30:17</p>

    <div class="summary">

        <div class="summary-box">
            <h3>Backend Tests</h3>

            <p>Total Tests: 0</p>
            <p>Passed: 0</p>
            <p>Failed: 0</p>
            <p>Errors: 0</p>
            <p>Skipped: 0</p>
            <p>Success Rate: <span class="success-rate low">0.00%</span></p>

        </div>

        <div class="summary-box">
            <h3>Frontend Tests</h3>

            <p>Total Tests: 0</p>
            <p>Passed: 0</p>
            <p>Failed: 0</p>
            <p>Errors: 0</p>
            <p>Skipped: 0</p>
            <p>Success Rate: <span class="success-rate low">0.00%</span></p>

        </div>

        <div class="summary-box">
            <h3>Integration Tests</h3>

            <p>Total Tests: 0</p>
            <p>Passed: 0</p>
            <p>Failed: 0</p>
            <p>Errors: 0</p>
            <p>Skipped: 0</p>
            <p>Success Rate: <span class="success-rate low">0.00%</span></p>

        </div>
    </div>

    <h2>Backend Test Details</h2>

    <table>
        <thead>
            <tr>
                <th>Test</th>
                <th>Class</th>
                <th>Status</th>
                <th>Time (s)</th>
            </tr>
        </thead>
        <tbody>

            <tr>
                <td>test_health_check</td>
                <td>tests.integration.test_api.TestAPI</td>
                <td class="passed">PASSED</td>
                <td>0.510</td>
            </tr>

            <tr>
                <td>test_upload_file</td>
                <td>tests.integration.test_api.TestAPI</td>
                <td class="passed">PASSED</td>
                <td>9.408</td>
            </tr>

            <tr>
                <td>test_upload_no_file</td>
                <td>tests.integration.test_api.TestAPI</td>
                <td class="passed">PASSED</td>
                <td>0.102</td>
            </tr>

            <tr>
                <td>test_analyze_file</td>
                <td>tests.integration.test_api.TestAPI</td>
                <td class="passed">PASSED</td>
                <td>6.601</td>
            </tr>

            <tr>
                <td>test_map_fields</td>
                <td>tests.integration.test_api.TestAPI</td>
                <td class="passed">PASSED</td>
                <td>0.619</td>
            </tr>

            <tr>
                <td>test_health_check_with_llm_stats</td>
                <td>tests.integration.test_api_with_optimizations.TestAPIWithOptimizations</td>
                <td class="passed">PASSED</td>
                <td>0.108</td>
            </tr>

            <tr>
                <td>test_upload_file_with_parallel_processing</td>
                <td>tests.integration.test_api_with_optimizations.TestAPIWithOptimizations</td>
                <td class="passed">PASSED</td>
                <td>0.313</td>
            </tr>

            <tr>
                <td>test_analyze_file_with_optimized_components</td>
                <td>tests.integration.test_api_with_optimizations.TestAPIWithOptimizations</td>
                <td class="passed">PASSED</td>
                <td>6.463</td>
            </tr>

            <tr>
                <td>test_map_fields_with_rate_limiting</td>
                <td>tests.integration.test_api_with_optimizations.TestAPIWithOptimizations</td>
                <td class="passed">PASSED</td>
                <td>4.181</td>
            </tr>

            <tr>
                <td>test_process_csv_file</td>
                <td>tests.integration.test_end_to_end.TestEndToEnd</td>
                <td class="passed">PASSED</td>
                <td>6.712</td>
            </tr>

            <tr>
                <td>test_process_json_file</td>
                <td>tests.integration.test_end_to_end.TestEndToEnd</td>
                <td class="passed">PASSED</td>
                <td>4.545</td>
            </tr>

            <tr>
                <td>test_process_xml_file</td>
                <td>tests.integration.test_end_to_end.TestEndToEnd</td>
                <td class="passed">PASSED</td>
                <td>4.604</td>
            </tr>

            <tr>
                <td>test_process_nonexistent_file</td>
                <td>tests.integration.test_end_to_end.TestEndToEnd</td>
                <td class="passed">PASSED</td>
                <td>0.112</td>
            </tr>

            <tr>
                <td>test_process_invalid_file</td>
                <td>tests.integration.test_end_to_end.TestEndToEnd</td>
                <td class="passed">PASSED</td>
                <td>6.632</td>
            </tr>

            <tr>
                <td>test_csv_parser_with_parallel_processing</td>
                <td>tests.integration.test_optimized_components.TestOptimizedComponents</td>
                <td class="passed">PASSED</td>
                <td>3.448</td>
            </tr>

            <tr>
                <td>test_excel_parser_with_parallel_processing</td>
                <td>tests.integration.test_optimized_components.TestOptimizedComponents</td>
                <td class="passed">PASSED</td>
                <td>2.125</td>
            </tr>

            <tr>
                <td>test_distilbert_client_with_adaptive_cache</td>
                <td>tests.integration.test_optimized_components.TestOptimizedComponents</td>
                <td class="passed">PASSED</td>
                <td>1.838</td>
            </tr>

            <tr>
                <td>test_distilbert_client_with_rate_limiting</td>
                <td>tests.integration.test_optimized_components.TestOptimizedComponents</td>
                <td class="passed">PASSED</td>
                <td>3.676</td>
            </tr>

            <tr>
                <td>test_llm_factory_with_optimized_client</td>
                <td>tests.integration.test_optimized_components.TestOptimizedComponents</td>
                <td class="passed">PASSED</td>
                <td>0.819</td>
            </tr>

            <tr>
                <td>test_parallel_processor_with_large_dataframe</td>
                <td>tests.integration.test_optimized_components.TestOptimizedComponents</td>
                <td class="passed">PASSED</td>
                <td>1.784</td>
            </tr>

            <tr>
                <td>test_end_to_end_with_all_optimizations</td>
                <td>tests.integration.test_optimized_components.TestOptimizedComponents</td>
                <td class="passed">PASSED</td>
                <td>8.167</td>
            </tr>

            <tr>
                <td>test_init</td>
                <td>tests.unit.core.file_parser.test_base_parser.TestBaseParser</td>
                <td class="passed">PASSED</td>
                <td>0.107</td>
            </tr>

            <tr>
                <td>test_parse_not_implemented</td>
                <td>tests.unit.core.file_parser.test_base_parser.TestBaseParser</td>
                <td class="passed">PASSED</td>
                <td>0.422</td>
            </tr>

            <tr>
                <td>test_get_sample</td>
                <td>tests.unit.core.file_parser.test_base_parser.TestBaseParser</td>
                <td class="passed">PASSED</td>
                <td>0.307</td>
            </tr>

            <tr>
                <td>test_clean_column_names</td>
                <td>tests.unit.core.file_parser.test_base_parser.TestBaseParser</td>
                <td class="passed">PASSED</td>
                <td>0.825</td>
            </tr>

            <tr>
                <td>test_preprocess_dataframe</td>
                <td>tests.unit.core.file_parser.test_base_parser.TestBaseParser</td>
                <td class="passed">PASSED</td>
                <td>1.136</td>
            </tr>

            <tr>
                <td>test_init</td>
                <td>tests.unit.core.file_parser.test_csv_parser.TestCSVParser</td>
                <td class="passed">PASSED</td>
                <td>0.205</td>
            </tr>

            <tr>
                <td>test_parse</td>
                <td>tests.unit.core.file_parser.test_csv_parser.TestCSVParser</td>
                <td class="passed">PASSED</td>
                <td>2.877</td>
            </tr>

            <tr>
                <td>test_detect_delimiter</td>
                <td>tests.unit.core.file_parser.test_csv_parser.TestCSVParser</td>
                <td class="passed">PASSED</td>
                <td>2.593</td>
            </tr>

            <tr>
                <td>test_detect_header</td>
                <td>tests.unit.core.file_parser.test_csv_parser.TestCSVParser</td>
                <td class="passed">PASSED</td>
                <td>2.318</td>
            </tr>

            <tr>
                <td>test_get_sample</td>
                <td>tests.unit.core.file_parser.test_csv_parser.TestCSVParser</td>
                <td class="passed">PASSED</td>
                <td>3.113</td>
            </tr>

            <tr>
                <td>test_parse_with_custom_delimiter</td>
                <td>tests.unit.core.file_parser.test_csv_parser.TestCSVParser</td>
                <td class="passed">PASSED</td>
                <td>2.483</td>
            </tr>

            <tr>
                <td>test_parse_large_file_with_parallel_processing</td>
                <td>tests.unit.core.file_parser.test_csv_parser_parallel.TestCSVParserParallel</td>
                <td class="passed">PASSED</td>
                <td>3.081</td>
            </tr>

            <tr>
                <td>test_parse_very_large_file_with_smaller_chunks</td>
                <td>tests.unit.core.file_parser.test_csv_parser_parallel.TestCSVParserParallel</td>
                <td class="passed">PASSED</td>
                <td>2.945</td>
            </tr>

            <tr>
                <td>test_parse_small_file_without_parallel_processing</td>
                <td>tests.unit.core.file_parser.test_csv_parser_parallel.TestCSVParserParallel</td>
                <td class="passed">PASSED</td>
                <td>3.131</td>
            </tr>

            <tr>
                <td>test_integration_with_real_parallel_processing</td>
                <td>tests.unit.core.file_parser.test_csv_parser_parallel.TestCSVParserParallel</td>
                <td class="passed">PASSED</td>
                <td>3.753</td>
            </tr>

            <tr>
                <td>test_error_handling_during_parallel_processing</td>
                <td>tests.unit.core.file_parser.test_csv_parser_parallel.TestCSVParserParallel</td>
                <td class="passed">PASSED</td>
                <td>2.940</td>
            </tr>

            <tr>
                <td>test_parse_large_file_with_parallel_processing</td>
                <td>tests.unit.core.file_parser.test_excel_parser_parallel.TestExcelParserParallel</td>
                <td class="passed">PASSED</td>
                <td>1.846</td>
            </tr>

            <tr>
                <td>test_parse_very_large_file_with_sheet_partitioning</td>
                <td>tests.unit.core.file_parser.test_excel_parser_parallel.TestExcelParserParallel</td>
                <td class="passed">PASSED</td>
                <td>1.523</td>
            </tr>

            <tr>
                <td>test_parse_small_file_without_parallel_processing</td>
                <td>tests.unit.core.file_parser.test_excel_parser_parallel.TestExcelParserParallel</td>
                <td class="passed">PASSED</td>
                <td>1.243</td>
            </tr>

            <tr>
                <td>test_can_partition_sheet</td>
                <td>tests.unit.core.file_parser.test_excel_parser_parallel.TestExcelParserParallel</td>
                <td class="passed">PASSED</td>
                <td>0.238</td>
            </tr>

            <tr>
                <td>test_estimate_row_count</td>
                <td>tests.unit.core.file_parser.test_excel_parser_parallel.TestExcelParserParallel</td>
                <td class="passed">PASSED</td>
                <td>0.225</td>
            </tr>

            <tr>
                <td>test_error_handling_during_parallel_processing</td>
                <td>tests.unit.core.file_parser.test_excel_parser_parallel.TestExcelParserParallel</td>
                <td class="passed">PASSED</td>
                <td>1.771</td>
            </tr>

            <tr>
                <td>test_init</td>
                <td>tests.unit.core.file_parser.test_json_parser.TestJSONParser</td>
                <td class="passed">PASSED</td>
                <td>0.115</td>
            </tr>

            <tr>
                <td>test_parse_array</td>
                <td>tests.unit.core.file_parser.test_json_parser.TestJSONParser</td>
                <td class="passed">PASSED</td>
                <td>0.119</td>
            </tr>

            <tr>
                <td>test_parse_object</td>
                <td>tests.unit.core.file_parser.test_json_parser.TestJSONParser</td>
                <td class="passed">PASSED</td>
                <td>0.119</td>
            </tr>

            <tr>
                <td>test_parse_nested</td>
                <td>tests.unit.core.file_parser.test_json_parser.TestJSONParser</td>
                <td class="passed">PASSED</td>
                <td>0.118</td>
            </tr>

            <tr>
                <td>test_parse_empty</td>
                <td>tests.unit.core.file_parser.test_json_parser.TestJSONParser</td>
                <td class="passed">PASSED</td>
                <td>0.120</td>
            </tr>

            <tr>
                <td>test_error_handling</td>
                <td>tests.unit.core.file_parser.test_json_parser.TestJSONParser</td>
                <td class="passed">PASSED</td>
                <td>0.109</td>
            </tr>

            <tr>
                <td>test_create_parser_csv</td>
                <td>tests.unit.core.file_parser.test_parser_factory.TestParserFactory</td>
                <td class="passed">PASSED</td>
                <td>0.542</td>
            </tr>

            <tr>
                <td>test_create_parser_json</td>
                <td>tests.unit.core.file_parser.test_parser_factory.TestParserFactory</td>
                <td class="passed">PASSED</td>
                <td>0.425</td>
            </tr>

            <tr>
                <td>test_create_parser_xml</td>
                <td>tests.unit.core.file_parser.test_parser_factory.TestParserFactory</td>
                <td class="passed">PASSED</td>
                <td>0.429</td>
            </tr>

            <tr>
                <td>test_file_not_found</td>
                <td>tests.unit.core.file_parser.test_parser_factory.TestParserFactory</td>
                <td class="passed">PASSED</td>
                <td>0.108</td>
            </tr>

            <tr>
                <td>test_fallback_detection</td>
                <td>tests.unit.core.file_parser.test_parser_factory.TestParserFactory</td>
                <td class="passed">PASSED</td>
                <td>0.542</td>
            </tr>

            <tr>
                <td>test_detect_parser_by_content</td>
                <td>tests.unit.core.file_parser.test_parser_factory.TestParserFactory</td>
                <td class="passed">PASSED</td>
                <td>0.840</td>
            </tr>

            <tr>
                <td>test_default_to_csv</td>
                <td>tests.unit.core.file_parser.test_parser_factory.TestParserFactory</td>
                <td class="passed">PASSED</td>
                <td>0.726</td>
            </tr>

            <tr>
                <td>test_init</td>
                <td>tests.unit.core.file_parser.test_xml_parser.TestXMLParser</td>
                <td class="passed">PASSED</td>
                <td>0.108</td>
            </tr>

            <tr>
                <td>test_parse</td>
                <td>tests.unit.core.file_parser.test_xml_parser.TestXMLParser</td>
                <td class="passed">PASSED</td>
                <td>0.134</td>
            </tr>

            <tr>
                <td>test_detect_record_path</td>
                <td>tests.unit.core.file_parser.test_xml_parser.TestXMLParser</td>
                <td class="passed">PASSED</td>
                <td>0.125</td>
            </tr>

            <tr>
                <td>test_parse_with_attributes</td>
                <td>tests.unit.core.file_parser.test_xml_parser.TestXMLParser</td>
                <td class="passed">PASSED</td>
                <td>0.129</td>
            </tr>

            <tr>
                <td>test_parse_as_single_record</td>
                <td>tests.unit.core.file_parser.test_xml_parser.TestXMLParser</td>
                <td class="passed">PASSED</td>
                <td>0.131</td>
            </tr>

            <tr>
                <td>test_error_handling</td>
                <td>tests.unit.core.file_parser.test_xml_parser.TestXMLParser</td>
                <td class="passed">PASSED</td>
                <td>0.110</td>
            </tr>

            <tr>
                <td>test_init_with_adaptive_cache</td>
                <td>tests.unit.core.llm.test_distilbert_client.TestDistilBERTClient</td>
                <td class="passed">PASSED</td>
                <td>0.321</td>
            </tr>

            <tr>
                <td>test_init_with_standard_cache</td>
                <td>tests.unit.core.llm.test_distilbert_client.TestDistilBERTClient</td>
                <td class="passed">PASSED</td>
                <td>0.322</td>
            </tr>

            <tr>
                <td>test_init_with_rate_limiting</td>
                <td>tests.unit.core.llm.test_distilbert_client.TestDistilBERTClient</td>
                <td class="passed">PASSED</td>
                <td>0.322</td>
            </tr>

            <tr>
                <td>test_init_without_rate_limiting</td>
                <td>tests.unit.core.llm.test_distilbert_client.TestDistilBERTClient</td>
                <td class="passed">PASSED</td>
                <td>0.213</td>
            </tr>

            <tr>
                <td>test_generate_response_with_cache_hit</td>
                <td>tests.unit.core.llm.test_distilbert_client.TestDistilBERTClient</td>
                <td class="passed">PASSED</td>
                <td>0.434</td>
            </tr>

            <tr>
                <td>test_generate_response_with_rate_limiting</td>
                <td>tests.unit.core.llm.test_distilbert_client.TestDistilBERTClient</td>
                <td class="failed">FAILED</td>
                <td>0.766</td>
            </tr>

            <tr>
                <td colspan="4">
                    <div class="details error-details">
                        <strong>:</strong> AssertionError: Expected 'consume' to have been called once. Called 0 times.
                        tests/unit/core/llm/test_distilbert_client.py:147: in test_generate_response_with_rate_limiting
    client.rate_limiter.bucket.consume.assert_called_once()
/usr/local/lib/python3.9/unittest/mock.py:886: in assert_called_once
    raise AssertionError(msg)
E   AssertionError: Expected 'consume' to have been called once. Called 0 times.
                    </div>
                </td>
            </tr>

            <tr>
                <td>test_generate_response_with_rate_limiting_exceeded</td>
                <td>tests.unit.core.llm.test_distilbert_client.TestDistilBERTClient</td>
                <td class="failed">FAILED</td>
                <td>0.758</td>
            </tr>

            <tr>
                <td colspan="4">
                    <div class="details error-details">
                        <strong>:</strong> assert 'Rate limit exceeded' in "Error: Error generating response: 'NoneType' object has no attribute 'model_max_length'"
                        tests/unit/core/llm/test_distilbert_client.py:171: in test_generate_response_with_rate_limiting_exceeded
    assert "Rate limit exceeded" in response
E   assert 'Rate limit exceeded' in "Error: Error generating response: 'NoneType' object has no attribute 'model_max_length'"
                    </div>
                </td>
            </tr>

            <tr>
                <td>test_get_stats</td>
                <td>tests.unit.core.llm.test_distilbert_client.TestDistilBERTClient</td>
                <td class="passed">PASSED</td>
                <td>0.325</td>
            </tr>

            <tr>
                <td>test_batch_generate</td>
                <td>tests.unit.core.llm.test_distilbert_client.TestDistilBERTClient</td>
                <td class="passed">PASSED</td>
                <td>0.328</td>
            </tr>

            <tr>
                <td>test_process_masked_chunk</td>
                <td>tests.unit.core.llm.test_distilbert_client.TestDistilBERTClient</td>
                <td class="passed">PASSED</td>
                <td>0.324</td>
            </tr>

            <tr>
                <td>test_init_with_adaptive_cache</td>
                <td>tests.unit.core.llm.test_gpt_client.TestGPTClient</td>
                <td class="passed">PASSED</td>
                <td>0.112</td>
            </tr>

            <tr>
                <td>test_init_with_standard_cache</td>
                <td>tests.unit.core.llm.test_gpt_client.TestGPTClient</td>
                <td class="passed">PASSED</td>
                <td>0.114</td>
            </tr>

            <tr>
                <td>test_init_with_rate_limiting</td>
                <td>tests.unit.core.llm.test_gpt_client.TestGPTClient</td>
                <td class="passed">PASSED</td>
                <td>0.112</td>
            </tr>

            <tr>
                <td>test_init_without_rate_limiting</td>
                <td>tests.unit.core.llm.test_gpt_client.TestGPTClient</td>
                <td class="passed">PASSED</td>
                <td>0.111</td>
            </tr>

            <tr>
                <td>test_generate_response_with_cache_hit</td>
                <td>tests.unit.core.llm.test_gpt_client.TestGPTClient</td>
                <td class="passed">PASSED</td>
                <td>0.118</td>
            </tr>

            <tr>
                <td>test_generate_response_with_rate_limiting</td>
                <td>tests.unit.core.llm.test_gpt_client.TestGPTClient</td>
                <td class="passed">PASSED</td>
                <td>0.120</td>
            </tr>

            <tr>
                <td>test_generate_response_with_rate_limiting_exceeded</td>
                <td>tests.unit.core.llm.test_gpt_client.TestGPTClient</td>
                <td class="passed">PASSED</td>
                <td>0.222</td>
            </tr>

            <tr>
                <td>test_get_stats_with_rate_limiter</td>
                <td>tests.unit.core.llm.test_gpt_client.TestGPTClient</td>
                <td class="passed">PASSED</td>
                <td>0.110</td>
            </tr>

            <tr>
                <td>test_batch_generate</td>
                <td>tests.unit.core.llm.test_gpt_client.TestGPTClient</td>
                <td class="passed">PASSED</td>
                <td>0.115</td>
            </tr>

            <tr>
                <td>test_get_model_type_explicit</td>
                <td>tests.unit.core.llm.test_llm_factory.TestLLMFactory</td>
                <td class="passed">PASSED</td>
                <td>0.001</td>
            </tr>

            <tr>
                <td>test_get_model_type_from_id</td>
                <td>tests.unit.core.llm.test_llm_factory.TestLLMFactory</td>
                <td class="passed">PASSED</td>
                <td>0.001</td>
            </tr>

            <tr>
                <td>test_get_model_type_default</td>
                <td>tests.unit.core.llm.test_llm_factory.TestLLMFactory</td>
                <td class="passed">PASSED</td>
                <td>0.001</td>
            </tr>

            <tr>
                <td>test_get_available_models</td>
                <td>tests.unit.core.llm.test_llm_factory.TestLLMFactory</td>
                <td class="passed">PASSED</td>
                <td>0.001</td>
            </tr>

            <tr>
                <td>test_init</td>
                <td>tests.unit.services.mapping.test_field_mapper.TestFieldMapper</td>
                <td class="passed">PASSED</td>
                <td>0.861</td>
            </tr>

            <tr>
                <td>test_map</td>
                <td>tests.unit.services.mapping.test_field_mapper.TestFieldMapper</td>
                <td class="passed">PASSED</td>
                <td>3.462</td>
            </tr>

            <tr>
                <td>test_map_fields</td>
                <td>tests.unit.services.mapping.test_field_mapper.TestFieldMapper</td>
                <td class="skipped">SKIPPED</td>
                <td>0.000</td>
            </tr>

            <tr>
                <td>test_apply_mappings</td>
                <td>tests.unit.services.mapping.test_field_mapper.TestFieldMapper</td>
                <td class="passed">PASSED</td>
                <td>0.428</td>
            </tr>

            <tr>
                <td>test_handle_missing_required_fields</td>
                <td>tests.unit.services.mapping.test_field_mapper.TestFieldMapper</td>
                <td class="passed">PASSED</td>
                <td>0.443</td>
            </tr>

            <tr>
                <td>test_direct_mapping</td>
                <td>tests.unit.services.mapping.test_field_mapper_simple.TestFieldMapperSimple</td>
                <td class="passed">PASSED</td>
                <td>0.003</td>
            </tr>

            <tr>
                <td>test_apply_mappings_dict</td>
                <td>tests.unit.services.mapping.test_field_mapper_simple.TestFieldMapperSimple</td>
                <td class="passed">PASSED</td>
                <td>0.444</td>
            </tr>

            <tr>
                <td>test_init</td>
                <td>tests.unit.services.normalization.test_value_normalizer.TestValueNormalizer</td>
                <td class="passed">PASSED</td>
                <td>0.002</td>
            </tr>

            <tr>
                <td>test_normalize</td>
                <td>tests.unit.services.normalization.test_value_normalizer.TestValueNormalizer</td>
                <td class="passed">PASSED</td>
                <td>0.020</td>
            </tr>

            <tr>
                <td>test_normalize_prices</td>
                <td>tests.unit.services.normalization.test_value_normalizer.TestValueNormalizer</td>
                <td class="failed">FAILED</td>
                <td>0.003</td>
            </tr>

            <tr>
                <td colspan="4">
                    <div class="details error-details">
                        <strong>:</strong> AssertionError: assert False
 +  where False = isinstance('$349.99', (<class 'int'>, <class 'float'>))
                        tests/unit/services/normalization/test_value_normalizer.py:89: in test_normalize_prices
    assert isinstance(result.iloc[0]['MSRP'], (int, float))
E   AssertionError: assert False
E    +  where False = isinstance('$349.99', (<class 'int'>, <class 'float'>))
                    </div>
                </td>
            </tr>

            <tr>
                <td>test_normalize_text_fields</td>
                <td>tests.unit.services.normalization.test_value_normalizer.TestValueNormalizer</td>
                <td class="passed">PASSED</td>
                <td>0.003</td>
            </tr>

            <tr>
                <td>test_normalize_ids</td>
                <td>tests.unit.services.normalization.test_value_normalizer.TestValueNormalizer</td>
                <td class="failed">FAILED</td>
                <td>0.002</td>
            </tr>

            <tr>
                <td colspan="4">
                    <div class="details error-details">
                        <strong>:</strong> AssertionError: assert '1234-5678-9012' == '123456789012'
  - 123456789012
  + 1234-5678-9012
  ?     +    +
                        tests/unit/services/normalization/test_value_normalizer.py:150: in test_normalize_ids
    assert result.iloc[1]['UPC'] == '123456789012'
E   AssertionError: assert '1234-5678-9012' == '123456789012'
E     - 123456789012
E     + 1234-5678-9012
E     ?     +    +
                    </div>
                </td>
            </tr>

            <tr>
                <td>test_init</td>
                <td>tests.unit.services.structure.test_structure_analyzer.TestStructureAnalyzer</td>
                <td class="passed">PASSED</td>
                <td>0.419</td>
            </tr>

            <tr>
                <td>test_analyze</td>
                <td>tests.unit.services.structure.test_structure_analyzer.TestStructureAnalyzer</td>
                <td class="passed">PASSED</td>
                <td>0.950</td>
            </tr>

            <tr>
                <td>test_analyze_empty_dataframe</td>
                <td>tests.unit.services.structure.test_structure_analyzer.TestStructureAnalyzer</td>
                <td class="passed">PASSED</td>
                <td>1.705</td>
            </tr>

            <tr>
                <td>test_analyze_with_missing_values</td>
                <td>tests.unit.services.structure.test_structure_analyzer.TestStructureAnalyzer</td>
                <td class="failed">FAILED</td>
                <td>1.180</td>
            </tr>

            <tr>
                <td colspan="4">
                    <div class="details error-details">
                        <strong>:</strong> AssertionError: assert 'missing_values' in {' data _ characteristics ': ' characteristics of the data ', ' potential _ mapping ': ' potential mapping to standard schema ', ' purpose ': ' purposeof this column ', 'column_analysis': {}, ...}
                        tests/unit/services/structure/test_structure_analyzer.py:99: in test_analyze_with_missing_values
    assert 'missing_values' in result
E   AssertionError: assert 'missing_values' in {' data _ characteristics ': ' characteristics of the data ', ' potential _ mapping ': ' potential mapping to standard schema ', ' purpose ': ' purposeof this column ', 'column_analysis': {}, ...}
                    </div>
                </td>
            </tr>

            <tr>
                <td>test_analyze_with_mixed_types</td>
                <td>tests.unit.services.structure.test_structure_analyzer.TestStructureAnalyzer</td>
                <td class="failed">FAILED</td>
                <td>1.132</td>
            </tr>

            <tr>
                <td colspan="4">
                    <div class="details error-details">
                        <strong>:</strong> AssertionError: assert 'integer' in ['boolean', 'binary']
                        tests/unit/services/structure/test_structure_analyzer.py:144: in test_analyze_with_mixed_types
    assert column_types['Boolean']['type'] in ['boolean', 'binary']
E   AssertionError: assert 'integer' in ['boolean', 'binary']
                    </div>
                </td>
            </tr>

            <tr>
                <td>test_detect_column_types</td>
                <td>tests.unit.services.structure.test_structure_analyzer.TestStructureAnalyzer</td>
                <td class="failed">FAILED</td>
                <td>0.451</td>
            </tr>

            <tr>
                <td colspan="4">
                    <div class="details error-details">
                        <strong>:</strong> AssertionError: assert 'integer' in ['boolean', 'binary']
                        tests/unit/services/structure/test_structure_analyzer.py:175: in test_detect_column_types
    assert result['In Stock']['type'] in ['boolean', 'binary']
E   AssertionError: assert 'integer' in ['boolean', 'binary']
                    </div>
                </td>
            </tr>

            <tr>
                <td>test_parallel_imports</td>
                <td>tests.unit.utils.test_imports.TestImports</td>
                <td class="passed">PASSED</td>
                <td>0.000</td>
            </tr>

            <tr>
                <td>test_rate_limiting_imports</td>
                <td>tests.unit.utils.test_imports.TestImports</td>
                <td class="passed">PASSED</td>
                <td>0.000</td>
            </tr>

            <tr>
                <td>test_caching_imports</td>
                <td>tests.unit.utils.test_imports.TestImports</td>
                <td class="passed">PASSED</td>
                <td>0.000</td>
            </tr>

            <tr>
                <td>test_phi_client_imports</td>
                <td>tests.unit.utils.test_imports.TestImports</td>
                <td class="passed">PASSED</td>
                <td>0.339</td>
            </tr>

            <tr>
                <td>test_gpt_client_imports</td>
                <td>tests.unit.utils.test_imports.TestImports</td>
                <td class="passed">PASSED</td>
                <td>0.116</td>
            </tr>

            <tr>
                <td>test_llm_factory_imports</td>
                <td>tests.unit.utils.test_imports.TestImports</td>
                <td class="passed">PASSED</td>
                <td>0.001</td>
            </tr>

            <tr>
                <td>test_csv_parser_imports</td>
                <td>tests.unit.utils.test_imports.TestImports</td>
                <td class="passed">PASSED</td>
                <td>0.001</td>
            </tr>

            <tr>
                <td>test_excel_parser_imports</td>
                <td>tests.unit.utils.test_imports.TestImports</td>
                <td class="passed">PASSED</td>
                <td>0.001</td>
            </tr>

            <tr>
                <td>test_init</td>
                <td>tests.unit.utils.caching.test_adaptive_cache.TestCacheEntry</td>
                <td class="passed">PASSED</td>
                <td>0.001</td>
            </tr>

            <tr>
                <td>test_is_expired</td>
                <td>tests.unit.utils.caching.test_adaptive_cache.TestCacheEntry</td>
                <td class="passed">PASSED</td>
                <td>0.203</td>
            </tr>

            <tr>
                <td>test_access</td>
                <td>tests.unit.utils.caching.test_adaptive_cache.TestCacheEntry</td>
                <td class="passed">PASSED</td>
                <td>0.001</td>
            </tr>

            <tr>
                <td>test_access_pattern_limit</td>
                <td>tests.unit.utils.caching.test_adaptive_cache.TestCacheEntry</td>
                <td class="passed">PASSED</td>
                <td>0.001</td>
            </tr>

            <tr>
                <td>test_get_access_frequency</td>
                <td>tests.unit.utils.caching.test_adaptive_cache.TestCacheEntry</td>
                <td class="passed">PASSED</td>
                <td>0.128</td>
            </tr>

            <tr>
                <td>test_get_recency_score</td>
                <td>tests.unit.utils.caching.test_adaptive_cache.TestCacheEntry</td>
                <td class="passed">PASSED</td>
                <td>0.001</td>
            </tr>

            <tr>
                <td>test_calculate_optimal_ttl</td>
                <td>tests.unit.utils.caching.test_adaptive_cache.TestCacheEntry</td>
                <td class="passed">PASSED</td>
                <td>0.001</td>
            </tr>

            <tr>
                <td>test_init</td>
                <td>tests.unit.utils.caching.test_adaptive_cache.TestAdaptiveCache</td>
                <td class="passed">PASSED</td>
                <td>0.003</td>
            </tr>

            <tr>
                <td>test_get_set_basic</td>
                <td>tests.unit.utils.caching.test_adaptive_cache.TestAdaptiveCache</td>
                <td class="passed">PASSED</td>
                <td>0.002</td>
            </tr>

            <tr>
                <td>test_expiration</td>
                <td>tests.unit.utils.caching.test_adaptive_cache.TestAdaptiveCache</td>
                <td class="passed">PASSED</td>
                <td>0.203</td>
            </tr>

            <tr>
                <td>test_complex_keys</td>
                <td>tests.unit.utils.caching.test_adaptive_cache.TestAdaptiveCache</td>
                <td class="passed">PASSED</td>
                <td>0.003</td>
            </tr>

            <tr>
                <td>test_eviction</td>
                <td>tests.unit.utils.caching.test_adaptive_cache.TestAdaptiveCache</td>
                <td class="passed">PASSED</td>
                <td>0.002</td>
            </tr>

            <tr>
                <td>test_adaptive_ttl</td>
                <td>tests.unit.utils.caching.test_adaptive_cache.TestAdaptiveCache</td>
                <td class="passed">PASSED</td>
                <td>0.116</td>
            </tr>

            <tr>
                <td>test_clear</td>
                <td>tests.unit.utils.caching.test_adaptive_cache.TestAdaptiveCache</td>
                <td class="passed">PASSED</td>
                <td>0.002</td>
            </tr>

            <tr>
                <td>test_get_stats</td>
                <td>tests.unit.utils.caching.test_adaptive_cache.TestAdaptiveCache</td>
                <td class="passed">PASSED</td>
                <td>0.002</td>
            </tr>

            <tr>
                <td>test_concurrent_access</td>
                <td>tests.unit.utils.caching.test_adaptive_cache.TestAdaptiveCache</td>
                <td class="passed">PASSED</td>
                <td>0.006</td>
            </tr>

            <tr>
                <td>test_init</td>
                <td>tests.unit.utils.parallel.test_parallel_processor.TestParallelProcessor</td>
                <td class="passed">PASSED</td>
                <td>0.001</td>
            </tr>

            <tr>
                <td>test_process_dataframe_small</td>
                <td>tests.unit.utils.parallel.test_parallel_processor.TestParallelProcessor</td>
                <td class="passed">PASSED</td>
                <td>0.113</td>
            </tr>

            <tr>
                <td>test_process_dataframe_large</td>
                <td>tests.unit.utils.parallel.test_parallel_processor.TestParallelProcessor</td>
                <td class="passed">PASSED</td>
                <td>1.309</td>
            </tr>

            <tr>
                <td>test_process_dataframe_with_custom_merge</td>
                <td>tests.unit.utils.parallel.test_parallel_processor.TestParallelProcessor</td>
                <td class="passed">PASSED</td>
                <td>0.780</td>
            </tr>

            <tr>
                <td>test_process_file_csv</td>
                <td>tests.unit.utils.parallel.test_parallel_processor.TestParallelProcessor</td>
                <td class="passed">PASSED</td>
                <td>0.788</td>
            </tr>

            <tr>
                <td>test_executor_type</td>
                <td>tests.unit.utils.parallel.test_parallel_processor.TestParallelProcessor</td>
                <td class="passed">PASSED</td>
                <td>0.002</td>
            </tr>

            <tr>
                <td>test_process_chunks</td>
                <td>tests.unit.utils.parallel.test_parallel_processor.TestParallelProcessor</td>
                <td class="passed">PASSED</td>
                <td>1.179</td>
            </tr>

            <tr>
                <td>test_error_handling</td>
                <td>tests.unit.utils.parallel.test_parallel_processor.TestParallelProcessor</td>
                <td class="passed">PASSED</td>
                <td>0.438</td>
            </tr>

            <tr>
                <td>test_init</td>
                <td>tests.unit.utils.parsers.test_json_utility_parser.TestJSONParser</td>
                <td class="passed">PASSED</td>
                <td>0.003</td>
            </tr>

            <tr>
                <td>test_parse_json</td>
                <td>tests.unit.utils.parsers.test_json_utility_parser.TestJSONParser</td>
                <td class="passed">PASSED</td>
                <td>0.001</td>
            </tr>

            <tr>
                <td>test_parse_json_in_code_block</td>
                <td>tests.unit.utils.parsers.test_json_utility_parser.TestJSONParser</td>
                <td class="passed">PASSED</td>
                <td>0.003</td>
            </tr>

            <tr>
                <td>test_parse_json_with_single_quotes</td>
                <td>tests.unit.utils.parsers.test_json_utility_parser.TestJSONParser</td>
                <td class="passed">PASSED</td>
                <td>0.003</td>
            </tr>

            <tr>
                <td>test_parse_json_with_unquoted_keys</td>
                <td>tests.unit.utils.parsers.test_json_utility_parser.TestJSONParser</td>
                <td class="passed">PASSED</td>
                <td>0.001</td>
            </tr>

            <tr>
                <td>test_parse_invalid_json</td>
                <td>tests.unit.utils.parsers.test_json_utility_parser.TestJSONParser</td>
                <td class="passed">PASSED</td>
                <td>0.003</td>
            </tr>

            <tr>
                <td>test_extract_json_blocks</td>
                <td>tests.unit.utils.parsers.test_json_utility_parser.TestJSONParser</td>
                <td class="passed">PASSED</td>
                <td>0.001</td>
            </tr>

            <tr>
                <td>test_extract_and_fix_json</td>
                <td>tests.unit.utils.parsers.test_json_utility_parser.TestJSONParser</td>
                <td class="passed">PASSED</td>
                <td>0.001</td>
            </tr>

            <tr>
                <td>test_init</td>
                <td>tests.unit.utils.parsers.test_yaml_parser.TestYAMLParser</td>
                <td class="passed">PASSED</td>
                <td>0.001</td>
            </tr>

            <tr>
                <td>test_parse_yaml</td>
                <td>tests.unit.utils.parsers.test_yaml_parser.TestYAMLParser</td>
                <td class="passed">PASSED</td>
                <td>0.003</td>
            </tr>

            <tr>
                <td>test_parse_yaml_in_code_block</td>
                <td>tests.unit.utils.parsers.test_yaml_parser.TestYAMLParser</td>
                <td class="passed">PASSED</td>
                <td>0.002</td>
            </tr>

            <tr>
                <td>test_parse_yaml_in_generic_block</td>
                <td>tests.unit.utils.parsers.test_yaml_parser.TestYAMLParser</td>
                <td class="passed">PASSED</td>
                <td>0.002</td>
            </tr>

            <tr>
                <td>test_parse_invalid_yaml</td>
                <td>tests.unit.utils.parsers.test_yaml_parser.TestYAMLParser</td>
                <td class="passed">PASSED</td>
                <td>0.002</td>
            </tr>

            <tr>
                <td>test_parse_empty_input</td>
                <td>tests.unit.utils.parsers.test_yaml_parser.TestYAMLParser</td>
                <td class="passed">PASSED</td>
                <td>0.002</td>
            </tr>

            <tr>
                <td>test_extract_yaml_blocks</td>
                <td>tests.unit.utils.parsers.test_yaml_parser.TestYAMLParser</td>
                <td class="passed">PASSED</td>
                <td>0.001</td>
            </tr>

            <tr>
                <td>test_init</td>
                <td>tests.unit.utils.rate_limiting.test_rate_limiter.TestTokenBucket</td>
                <td class="passed">PASSED</td>
                <td>0.000</td>
            </tr>

            <tr>
                <td>test_add_tokens</td>
                <td>tests.unit.utils.rate_limiting.test_rate_limiter.TestTokenBucket</td>
                <td class="passed">PASSED</td>
                <td>0.000</td>
            </tr>

            <tr>
                <td>test_consume_immediate</td>
                <td>tests.unit.utils.rate_limiting.test_rate_limiter.TestTokenBucket</td>
                <td class="passed">PASSED</td>
                <td>0.221</td>
            </tr>

            <tr>
                <td>test_consume_wait</td>
                <td>tests.unit.utils.rate_limiting.test_rate_limiter.TestTokenBucket</td>
                <td class="passed">PASSED</td>
                <td>0.312</td>
            </tr>

            <tr>
                <td>test_get_status</td>
                <td>tests.unit.utils.rate_limiting.test_rate_limiter.TestTokenBucket</td>
                <td class="passed">PASSED</td>
                <td>0.001</td>
            </tr>

            <tr>
                <td>test_init</td>
                <td>tests.unit.utils.rate_limiting.test_rate_limiter.TestRateLimiter</td>
                <td class="passed">PASSED</td>
                <td>0.001</td>
            </tr>

            <tr>
                <td>test_limit_decorator</td>
                <td>tests.unit.utils.rate_limiting.test_rate_limiter.TestRateLimiter</td>
                <td class="passed">PASSED</td>
                <td>1.116</td>
            </tr>

            <tr>
                <td>test_token_cost_function</td>
                <td>tests.unit.utils.rate_limiting.test_rate_limiter.TestRateLimiter</td>
                <td class="passed">PASSED</td>
                <td>5.115</td>
            </tr>

            <tr>
                <td>test_concurrent_requests</td>
                <td>tests.unit.utils.rate_limiting.test_rate_limiter.TestRateLimiter</td>
                <td class="passed">PASSED</td>
                <td>5.567</td>
            </tr>

            <tr>
                <td>test_get_stats</td>
                <td>tests.unit.utils.rate_limiting.test_rate_limiter.TestRateLimiter</td>
                <td class="passed">PASSED</td>
                <td>1.111</td>
            </tr>

            <tr>
                <td>test_receive_logs_invalid_content_type</td>
                <td>tests.unit.web.api.test_logging_controller.TestLoggingController</td>
                <td class="passed">PASSED</td>
                <td>0.013</td>
            </tr>

            <tr>
                <td>test_receive_logs_invalid_log_entry</td>
                <td>tests.unit.web.api.test_logging_controller.TestLoggingController</td>
                <td class="passed">PASSED</td>
                <td>0.012</td>
            </tr>

            <tr>
                <td>test_receive_logs_missing_logs_field</td>
                <td>tests.unit.web.api.test_logging_controller.TestLoggingController</td>
                <td class="passed">PASSED</td>
                <td>0.004</td>
            </tr>

            <tr>
                <td>test_receive_logs_server_error</td>
                <td>tests.unit.web.api.test_logging_controller.TestLoggingController</td>
                <td class="passed">PASSED</td>
                <td>0.005</td>
            </tr>

            <tr>
                <td>test_receive_logs_valid_request</td>
                <td>tests.unit.web.api.test_logging_controller.TestLoggingController</td>
                <td class="passed">PASSED</td>
                <td>0.007</td>
            </tr>

        </tbody>
    </table>

    <h2>Frontend Test Details</h2>

    <p class="no-results">No frontend test details available</p>

    <h2>Integration Test Details</h2>

    <table>
        <thead>
            <tr>
                <th>Test</th>
                <th>Class</th>
                <th>Status</th>
                <th>Time (s)</th>
            </tr>
        </thead>
        <tbody>

            <tr>
                <td>test_health_check_with_llm_stats</td>
                <td>tests.integration.test_api_with_optimizations.TestAPIWithOptimizations</td>
                <td class="passed">PASSED</td>
                <td>0.235</td>
            </tr>

        </tbody>
    </table>

</body>
</html>
